COFFEE Autotuner: cost of variants:
  Variant 0: 123631
  Variant 1: 189907
  Variant 2: 193391
  Variant 3: 193371
  Variant 4: 197221
  Variant 5: 197744
  Variant 6: 186120
  Variant 7: 120127
  Variant 8: 118353
  Variant 9: 117802
  Variant 10: 99239
  Variant 11: 194397
  Variant 12: 192178
  Variant 13: 177081
  Variant 14: 193368
  Variant 15: 196061
  Variant 16: 172359
  Variant 17: 195307
  Variant 18: 194738
  Variant 19: 193692
  Variant 20: 173457
  Variant 21: 190319
  Variant 22: 187112
  Variant 23: 172751
  Variant 24: 191783
  Variant 25: 192832
  Variant 26: 190419
  Variant 27: 189496
  Variant 28: 189129
  Variant 29: 193480
  Variant 30: 194989
  Variant 31: 197909
  Variant 32: 198853
  Variant 33: 193663
  Variant 34: 199732
  Variant 35: 199879
  Variant 36: 193144
  Variant 37: 197137
  Variant 38: 196316
  Variant 39: 196354
  Variant 40: 193371
  Variant 41: 199587
  Variant 42: 197194
  Variant 43: 195138
  Variant 44: 191231
  Variant 45: 190606
Fastest variant ID=35: 199879 
***Chosen optimizations set: (2, False, (None, None), True, (2, 0), False, (2, 1, 1), False)***
COFFEE Autotuner: cost of variants:
  Variant 0: 101817
  Variant 1: 165004
  Variant 2: 164256
  Variant 3: 167375
  Variant 4: 165255
  Variant 5: 169707
  Variant 6: 168383
  Variant 7: 102364
  Variant 8: 103846
  Variant 9: 102979
  Variant 10: 88975
  Variant 11: 165923
  Variant 12: 164089
  Variant 13: 155164
  Variant 14: 164180
  Variant 15: 166649
  Variant 16: 165330
  Variant 17: 166345
  Variant 18: 164754
  Variant 19: 165462
  Variant 20: 155854
  Variant 21: 167654
  Variant 22: 168048
  Variant 23: 164339
  Variant 24: 164789
  Variant 25: 168072
  Variant 26: 166751
  Variant 27: 166790
  Variant 28: 169345
  Variant 29: 168411
  Variant 30: 168626
  Variant 31: 167480
  Variant 32: 171915
  Variant 33: 166167
  Variant 34: 167750
  Variant 35: 166289
  Variant 36: 165169
  Variant 37: 169088
  Variant 38: 165275
  Variant 39: 167411
  Variant 40: 165424
  Variant 41: 169810
  Variant 42: 170601
  Variant 43: 163743
  Variant 44: 166415
  Variant 45: 165708
Fastest variant ID=32: 171915 
***Chosen optimizations set: (2, False, (None, None), True, (2, 0), False, (1, 1, 1), False)***
COFFEE Autotuner: cost of variants:
  Variant 0: 76622
  Variant 1: 116049
  Variant 2: 126048
  Variant 3: 125550
  Variant 4: 127688
  Variant 5: 128054
  Variant 6: 123751
  Variant 7: 70996
  Variant 8: 75272
  Variant 9: 76384
  Variant 10: 81822
  Variant 11: 125992
  Variant 12: 125538
  Variant 13: 116498
  Variant 14: 126175
  Variant 15: 126590
  Variant 16: 115831
  Variant 17: 126866
  Variant 18: 126170
  Variant 19: 125475
  Variant 20: 124357
  Variant 21: 125275
  Variant 22: 124051
  Variant 23: 123758
  Variant 24: 124442
  Variant 25: 114936
  Variant 26: 124041
  Variant 27: 123952
  Variant 28: 113577
  Variant 29: 124850
  Variant 30: 124120
  Variant 31: 127538
  Variant 32: 127062
  Variant 33: 124103
  Variant 34: 126801
  Variant 35: 128862
  Variant 36: 127228
  Variant 37: 128120
  Variant 38: 128260
  Variant 39: 127077
  Variant 40: 127403
  Variant 41: 127865
  Variant 42: 128830
  Variant 43: 126613
  Variant 44: 124709
  Variant 45: 125093
  Variant 46: 125599
  Variant 47: 126329
  Variant 48: 125016
  Variant 49: 125571
  Variant 50: 126721
  Variant 51: 125983
  Variant 52: 127825
  Variant 53: 126763
  Variant 54: 129937
  Variant 55: 126599
  Variant 56: 130252
  Variant 57: 129909
  Variant 58: 128600
  Variant 59: 127030
  Variant 60: 129488
  Variant 61: 129526
  Variant 62: 126457
  Variant 63: 129026
  Variant 64: 127313
  Variant 65: 124769
  Variant 66: 128470
  Variant 67: 125074
  Variant 68: 126248
  Variant 69: 125816
  Variant 70: 124264
Fastest variant ID=56: 130252 
***Chosen optimizations set: (2, False, (None, None), True, (2, 0), False, (4, 2, 1), False)***
COFFEE Autotuner: cost of variants:
  Variant 0: 19596
  Variant 1: 28968
  Variant 2: 31022
  Variant 3: 31207
  Variant 4: 31133
  Variant 5: 30806
  Variant 6: 30830
  Variant 7: 17402
  Variant 8: 17309
  Variant 9: 17611
  Variant 10: 21147
  Variant 11: 31420
  Variant 12: 31222
  Variant 13: 27845
  Variant 14: 31380
  Variant 15: 31455
  Variant 16: 31272
  Variant 17: 31326
  Variant 18: 27854
  Variant 19: 31493
  Variant 20: 31108
  Variant 21: 31104
  Variant 22: 30986
  Variant 23: 31577
  Variant 24: 31117
  Variant 25: 31181
  Variant 26: 31103
  Variant 27: 31184
  Variant 28: 31466
  Variant 29: 31010
  Variant 30: 31018
  Variant 31: 31070
  Variant 32: 31067
  Variant 33: 31511
  Variant 34: 31144
  Variant 35: 30969
Fastest variant ID=23: 31577 
***Chosen optimizations set: (2, False, (None, None), True, (1, 0), False, (1, 4, 1), False)***
COFFEE Autotuner: cost of variants:
  Variant 0: 20376
  Variant 1: 35796
  Variant 2: 36317
  Variant 3: 36422
  Variant 4: 36728
  Variant 5: 36668
  Variant 6: 36764
  Variant 7: 14004
  Variant 8: 14169
  Variant 9: 13845
  Variant 10: 20783
  Variant 11: 36835
  Variant 12: 36937
  Variant 13: 31131
  Variant 14: 36386
  Variant 15: 36578
  Variant 16: 36258
  Variant 17: 36329
  Variant 18: 30904
  Variant 19: 36521
  Variant 20: 36448
  Variant 21: 36508
  Variant 22: 36845
  Variant 23: 36202
  Variant 24: 36541
  Variant 25: 36870
  Variant 26: 36741
  Variant 27: 36644
  Variant 28: 36135
  Variant 29: 36535
  Variant 30: 36873
  Variant 31: 36796
  Variant 32: 37016
  Variant 33: 36522
  Variant 34: 37104
  Variant 35: 36991
Fastest variant ID=34: 37104 
***Chosen optimizations set: (2, False, (None, None), True, (4, 0), False, (5, 1, 1), False)***
COFFEE Autotuner: cost of variants:
  Variant 0: 10826
  Variant 1: 18836
  Variant 2: 18543
  Variant 3: 18690
  Variant 4: 18913
  Variant 5: 18852
  Variant 6: 18846
  Variant 7: 7324
  Variant 8: 7286
  Variant 9: 7356
  Variant 10: 9150
  Variant 11: 18625
  Variant 12: 18621
  Variant 13: 16186
  Variant 14: 18603
  Variant 15: 18636
  Variant 16: 16015
  Variant 17: 18539
  Variant 18: 18650
  Variant 19: 18600
  Variant 20: 18592
  Variant 21: 18661
  Variant 22: 18627
  Variant 23: 18671
  Variant 24: 18560
  Variant 25: 18629
  Variant 26: 16153
  Variant 27: 18599
  Variant 28: 18594
  Variant 29: 16186
  Variant 30: 18634
  Variant 31: 18575
  Variant 32: 18612
  Variant 33: 18639
  Variant 34: 18626
  Variant 35: 18633
  Variant 36: 18619
  Variant 37: 18849
  Variant 38: 18831
  Variant 39: 18682
  Variant 40: 18833
  Variant 41: 18813
  Variant 42: 18650
  Variant 43: 18893
  Variant 44: 18897
  Variant 45: 18838
  Variant 46: 18835
  Variant 47: 18893
  Variant 48: 18714
  Variant 49: 18539
  Variant 50: 18801
  Variant 51: 18865
  Variant 52: 18684
  Variant 53: 18827
  Variant 54: 18844
  Variant 55: 18665
  Variant 56: 18693
  Variant 57: 18802
  Variant 58: 18869
  Variant 59: 18823
  Variant 60: 18444
  Variant 61: 18680
  Variant 62: 18744
  Variant 63: 18884
  Variant 64: 18580
  Variant 65: 18520
  Variant 66: 18723
  Variant 67: 18829
  Variant 68: 18672
  Variant 69: 18869
  Variant 70: 18376
  Variant 71: 17613
  Variant 72: 18792
  Variant 73: 18893
  Variant 74: 18854
  Variant 75: 18898
Fastest variant ID=4: 18913 
***Chosen optimizations set: (2, False, (None, None), True, (1, 0), False, None, False)***
COFFEE Autotuner: cost of variants:
  Variant 0: 9551
  Variant 1: 14149
  Variant 2: 13012
  Variant 3: 14086
  Variant 4: 14128
  Variant 5: 13480
  Variant 6: 14148
  Variant 7: 9199
  Variant 8: 9006
  Variant 9: 9065
  Variant 10: 7858
  Variant 11: 14144
  Variant 12: 13095
  Variant 13: 13198
  Variant 14: 14102
  Variant 15: 14020
  Variant 16: 13333
  Variant 17: 14123
  Variant 18: 14046
  Variant 19: 12863
  Variant 20: 13970
  Variant 21: 14118
  Variant 22: 14040
  Variant 23: 14052
  Variant 24: 14120
  Variant 25: 13992
  Variant 26: 12316
  Variant 27: 14083
  Variant 28: 14036
  Variant 29: 13275
  Variant 30: 13860
  Variant 31: 13926
  Variant 32: 14121
  Variant 33: 14012
  Variant 34: 13304
  Variant 35: 14152
  Variant 36: 14087
  Variant 37: 14161
  Variant 38: 14200
  Variant 39: 14254
  Variant 40: 14154
  Variant 41: 13477
  Variant 42: 14255
  Variant 43: 14166
  Variant 44: 14248
  Variant 45: 14073
  Variant 46: 13970
  Variant 47: 14041
  Variant 48: 12991
  Variant 49: 14103
  Variant 50: 14148
  Variant 51: 14228
  Variant 52: 14219
  Variant 53: 14159
  Variant 54: 14258
  Variant 55: 12870
  Variant 56: 14145
  Variant 57: 14266
  Variant 58: 14147
  Variant 59: 14247
  Variant 60: 14130
  Variant 61: 14188
  Variant 62: 14128
  Variant 63: 14120
  Variant 64: 14270
  Variant 65: 14235
  Variant 66: 14139
  Variant 67: 14254
  Variant 68: 14277
  Variant 69: 13403
  Variant 70: 14237
  Variant 71: 14126
  Variant 72: 14222
  Variant 73: 14118
  Variant 74: 14099
  Variant 75: 14146
Fastest variant ID=68: 14277 
***Chosen optimizations set: (2, False, (None, None), True, (4, 0), False, (2, 4, 1), False)***
COFFEE Autotuner: cost of variants:
  Variant 0: 3519
  Variant 1: 4730
  Variant 2: 5096
  Variant 3: 5115
  Variant 4: 5140
  Variant 5: 5131
  Variant 6: 4848
  Variant 7: 3355
  Variant 8: 3335
  Variant 9: 3397
  Variant 10: 2416
  Variant 11: 5111
  Variant 12: 5097
  Variant 13: 4859
  Variant 14: 5092
  Variant 15: 5059
  Variant 16: 4542
  Variant 17: 5106
  Variant 18: 4827
  Variant 19: 5082
  Variant 20: 4704
  Variant 21: 5105
  Variant 22: 4847
  Variant 23: 5071
  Variant 24: 5093
  Variant 25: 4648
  Variant 26: 5095
  Variant 27: 5113
  Variant 28: 5052
  Variant 29: 5116
  Variant 30: 4776
  Variant 31: 5292
  Variant 32: 4929
  Variant 33: 5193
  Variant 34: 5269
  Variant 35: 4771
  Variant 36: 5162
  Variant 37: 4841
  Variant 38: 5136
  Variant 39: 4880
  Variant 40: 5244
  Variant 41: 5063
  Variant 42: 5044
  Variant 43: 5288
  Variant 44: 4810
  Variant 45: 5180
  Variant 46: 5116
  Variant 47: 5135
  Variant 48: 5138
  Variant 49: 4887
  Variant 50: 5143
  Variant 51: 5182
  Variant 52: 5279
  Variant 53: 5152
  Variant 54: 5158
  Variant 55: 5144
Fastest variant ID=31: 5292 
***Chosen optimizations set: (2, False, (None, None), True, (1, 0), False, (1, 4, 1), False)***
COFFEE Autotuner: cost of variants:
  Variant 0: 14329
  Variant 1: 40158
  Variant 2: 54426
  Variant 3: 53401
  Variant 4: 37073
  Variant 5: 36506
  Variant 6: 36070
  Variant 7: 45947
  Variant 8: 53599
  Variant 9: 40418
  Variant 10: 32563
  Variant 11: 53579
  Variant 12: 48321
  Variant 13: 45992
  Variant 14: 40765
  Variant 15: 50693
  Variant 16: 49626
  Variant 17: 47174
  Variant 18: 54031
  Variant 19: 47992
  Variant 20: 54570
  Variant 21: 49155
  Variant 22: 52016
  Variant 23: 54279
  Variant 24: 53667
  Variant 25: 49284
  Variant 26: 45085
  Variant 27: 41156
  Variant 28: 54346
  Variant 29: 47157
  Variant 30: 46504
  Variant 31: 54547
  Variant 32: 48832
  Variant 33: 51436
  Variant 34: 48851
  Variant 35: 54404
  Variant 36: 52673
  Variant 37: 36926
  Variant 38: 25680
  Variant 39: 37173
  Variant 40: 38131
  Variant 41: 36715
  Variant 42: 26638
  Variant 43: 35745
  Variant 44: 34596
  Variant 45: 26176
  Variant 46: 36292
  Variant 47: 25416
  Variant 48: 36607
  Variant 49: 36996
  Variant 50: 35625
  Variant 51: 26399
  Variant 52: 37432
  Variant 53: 37990
  Variant 54: 30354
  Variant 55: 22327
  Variant 56: 37183
  Variant 57: 35799
  Variant 58: 25369
  Variant 59: 36711
  Variant 60: 26406
  Variant 61: 30509
  Variant 62: 36747
  Variant 63: 36712
  Variant 64: 26023
  Variant 65: 34144
  Variant 66: 38716
  Variant 67: 36754
  Variant 68: 24762
  Variant 69: 37415
  Variant 70: 36570
  Variant 71: 26425
  Variant 72: 29487
  Variant 73: 26396
  Variant 74: 36918
  Variant 75: 34478
Fastest variant ID=20: 54570 
***Chosen optimizations set: (2, False, (None, None), True, None, False, (4, 1, 1), False)***
COFFEE Autotuner: cost of variants:
  Variant 0: 5529
  Variant 1: 15306
  Variant 2: 21339
  Variant 3: 20948
  Variant 4: 12658
  Variant 5: 14159
  Variant 6: 14023
  Variant 7: 17190
  Variant 8: 21503
  Variant 9: 17447
  Variant 10: 13351
  Variant 11: 21335
  Variant 12: 18951
  Variant 13: 18004
  Variant 14: 15914
  Variant 15: 15256
  Variant 16: 19629
  Variant 17: 18006
  Variant 18: 21426
  Variant 19: 18917
  Variant 20: 21307
  Variant 21: 21190
  Variant 22: 18708
  Variant 23: 18028
  Variant 24: 15820
  Variant 25: 21485
  Variant 26: 19083
  Variant 27: 17990
  Variant 28: 19414
  Variant 29: 19086
  Variant 30: 21496
  Variant 31: 14136
  Variant 32: 10345
  Variant 33: 14040
  Variant 34: 15291
  Variant 35: 14114
  Variant 36: 9670
  Variant 37: 14221
  Variant 38: 14163
  Variant 39: 10251
  Variant 40: 11245
  Variant 41: 14135
  Variant 42: 10360
  Variant 43: 14266
  Variant 44: 15330
  Variant 45: 14170
  Variant 46: 10139
  Variant 47: 13093
  Variant 48: 13960
  Variant 49: 10232
  Variant 50: 14124
  Variant 51: 11947
  Variant 52: 10108
  Variant 53: 14387
  Variant 54: 15186
  Variant 55: 14142
  Variant 56: 9583
  Variant 57: 14250
  Variant 58: 11758
  Variant 59: 10337
  Variant 60: 14100
Fastest variant ID=8: 21503 
***Chosen optimizations set: (2, False, (4, 2), True, None, False, None, False)***
COFFEE Autotuner: cost of variants:
  Variant 0: 2966
  Variant 1: 7806
  Variant 2: 10911
  Variant 3: 10713
  Variant 4: 6276
  Variant 5: 7243
  Variant 6: 7211
  Variant 7: 8945
  Variant 8: 10899
  Variant 9: 8322
  Variant 10: 6930
  Variant 11: 10832
  Variant 12: 9752
  Variant 13: 9225
  Variant 14: 7916
  Variant 15: 10337
  Variant 16: 10093
  Variant 17: 10927
  Variant 18: 9995
  Variant 19: 8878
  Variant 20: 8062
  Variant 21: 10865
  Variant 22: 9961
  Variant 23: 7254
  Variant 24: 5250
  Variant 25: 7168
  Variant 26: 7584
  Variant 27: 7251
  Variant 28: 5347
  Variant 29: 6930
  Variant 30: 5282
  Variant 31: 7309
  Variant 32: 7642
  Variant 33: 5689
  Variant 34: 5240
  Variant 35: 7237
  Variant 36: 5077
  Variant 37: 7335
  Variant 38: 7648
  Variant 39: 7217
  Variant 40: 5049
Fastest variant ID=17: 10927 
***Chosen optimizations set: (3, False, (None, None), True, None, False, (1, 1, 1), False)***
COFFEE Autotuner: cost of variants:
  Variant 0: 1712
  Variant 1: 4370
  Variant 2: 6062
  Variant 3: 5821
  Variant 4: 4083
  Variant 5: 4071
  Variant 6: 4076
  Variant 7: 4875
  Variant 8: 6085
  Variant 9: 5022
  Variant 10: 3909
  Variant 11: 6015
  Variant 12: 5545
  Variant 13: 5179
  Variant 14: 4448
  Variant 15: 5744
  Variant 16: 5650
  Variant 17: 5175
  Variant 18: 6045
  Variant 19: 5555
  Variant 20: 6077
  Variant 21: 5578
  Variant 22: 5579
  Variant 23: 6060
  Variant 24: 6065
  Variant 25: 5980
  Variant 26: 5497
  Variant 27: 5188
  Variant 28: 4539
  Variant 29: 5878
  Variant 30: 5651
  Variant 31: 5182
  Variant 32: 5512
  Variant 33: 5290
  Variant 34: 6061
  Variant 35: 5623
  Variant 36: 5793
  Variant 37: 6056
  Variant 38: 6047
  Variant 39: 4070
  Variant 40: 2781
  Variant 41: 4110
  Variant 42: 4297
  Variant 43: 3769
  Variant 44: 2566
  Variant 45: 4112
  Variant 46: 4017
  Variant 47: 2985
  Variant 48: 4072
  Variant 49: 2977
  Variant 50: 3709
  Variant 51: 3664
  Variant 52: 4068
  Variant 53: 4066
  Variant 54: 2937
  Variant 55: 4115
  Variant 56: 4269
  Variant 57: 3869
  Variant 58: 2850
  Variant 59: 4073
  Variant 60: 4051
  Variant 61: 2910
  Variant 62: 4074
  Variant 63: 2991
  Variant 64: 3863
  Variant 65: 3582
  Variant 66: 4072
  Variant 67: 4072
  Variant 68: 2933
  Variant 69: 4106
  Variant 70: 4280
  Variant 71: 4071
  Variant 72: 2775
  Variant 73: 4104
  Variant 74: 4067
  Variant 75: 2774
  Variant 76: 3996
  Variant 77: 2754
  Variant 78: 4033
  Variant 79: 3214
  Variant 80: 4066
Fastest variant ID=8: 6085 
***Chosen optimizations set: (2, False, (4, 2), True, None, False, None, False)***
COFFEE Autotuner: cost of variants:
  Variant 0: 1524
  Variant 1: 4689
  Variant 2: 6151
  Variant 3: 6021
  Variant 4: 4222
  Variant 5: 4177
  Variant 6: 4135
  Variant 7: 4849
  Variant 8: 6323
  Variant 9: 4997
  Variant 10: 3783
  Variant 11: 6094
  Variant 12: 5692
  Variant 13: 5292
  Variant 14: 4505
  Variant 15: 5824
  Variant 16: 5803
  Variant 17: 5228
  Variant 18: 6203
  Variant 19: 5694
  Variant 20: 6228
  Variant 21: 5701
  Variant 22: 5947
  Variant 23: 6162
  Variant 24: 6214
  Variant 25: 6217
  Variant 26: 5494
  Variant 27: 5269
  Variant 28: 4676
  Variant 29: 5999
  Variant 30: 5782
  Variant 31: 5272
  Variant 32: 6227
  Variant 33: 5492
  Variant 34: 6246
  Variant 35: 5738
  Variant 36: 6070
  Variant 37: 6225
  Variant 38: 6211
  Variant 39: 4174
  Variant 40: 2955
  Variant 41: 4240
  Variant 42: 4393
  Variant 43: 3911
  Variant 44: 2882
  Variant 45: 4247
  Variant 46: 4194
  Variant 47: 2887
  Variant 48: 4213
  Variant 49: 3053
  Variant 50: 3937
  Variant 51: 3927
  Variant 52: 4211
  Variant 53: 4214
  Variant 54: 2955
  Variant 55: 4242
  Variant 56: 4395
  Variant 57: 4200
  Variant 58: 3074
  Variant 59: 4244
  Variant 60: 4200
  Variant 61: 2906
  Variant 62: 4203
  Variant 63: 3072
  Variant 64: 4212
  Variant 65: 3464
  Variant 66: 4211
  Variant 67: 4181
  Variant 68: 2673
  Variant 69: 4210
  Variant 70: 4384
  Variant 71: 4180
  Variant 72: 2857
  Variant 73: 4254
  Variant 74: 4226
  Variant 75: 2857
  Variant 76: 3998
  Variant 77: 2908
  Variant 78: 4182
  Variant 79: 3483
  Variant 80: 4218
Fastest variant ID=8: 6323 
***Chosen optimizations set: (2, False, (4, 2), True, None, False, None, False)***
COFFEE Autotuner: cost of variants:
  Variant 0: 1026
  Variant 1: 2863
  Variant 2: 3760
  Variant 3: 3766
  Variant 4: 2150
  Variant 5: 2582
  Variant 6: 2496
  Variant 7: 3038
  Variant 8: 3932
  Variant 9: 2882
  Variant 10: 1428
  Variant 11: 3758
  Variant 12: 3337
  Variant 13: 3352
  Variant 14: 2976
  Variant 15: 3649
  Variant 16: 3758
  Variant 17: 3502
  Variant 18: 3350
  Variant 19: 2910
  Variant 20: 3760
  Variant 21: 2590
  Variant 22: 1796
  Variant 23: 2563
  Variant 24: 2684
  Variant 25: 2518
  Variant 26: 2154
  Variant 27: 1825
  Variant 28: 2597
  Variant 29: 2503
  Variant 30: 2406
  Variant 31: 2584
  Variant 32: 1861
  Variant 33: 2353
  Variant 34: 2670
  Variant 35: 2580
Fastest variant ID=8: 3932 
***Chosen optimizations set: (2, False, (4, 2), True, None, False, None, False)***
COFFEE Autotuner: cost of variants:
  Variant 0: 1039
  Variant 1: 2765
  Variant 2: 3453
  Variant 3: 3448
  Variant 4: 2131
  Variant 5: 2390
  Variant 6: 2413
  Variant 7: 2898
  Variant 8: 3541
  Variant 9: 2741
  Variant 10: 1370
  Variant 11: 3452
  Variant 12: 2917
  Variant 13: 2914
  Variant 14: 2651
  Variant 15: 3375
  Variant 16: 3453
  Variant 17: 3109
  Variant 18: 2904
  Variant 19: 2534
  Variant 20: 3387
  Variant 21: 2403
  Variant 22: 1669
  Variant 23: 2411
  Variant 24: 2501
  Variant 25: 2419
  Variant 26: 1888
  Variant 27: 1775
  Variant 28: 2407
  Variant 29: 2403
  Variant 30: 2185
  Variant 31: 2362
  Variant 32: 1677
  Variant 33: 2283
  Variant 34: 2467
  Variant 35: 2409
Fastest variant ID=8: 3541 
***Chosen optimizations set: (2, False, (4, 2), True, None, False, None, False)***
COFFEE Autotuner: cost of variants:
  Variant 0: 481
  Variant 1: 1246
  Variant 2: 1534
  Variant 3: 1507
  Variant 4: 1034
  Variant 5: 1102
  Variant 6: 1101
  Variant 7: 1258
  Variant 8: 1537
  Variant 9: 1187
  Variant 10: 537
  Variant 11: 1542
  Variant 12: 1337
  Variant 13: 1284
  Variant 14: 1229
  Variant 15: 1479
  Variant 16: 1394
  Variant 17: 1482
  Variant 18: 1514
  Variant 19: 1348
  Variant 20: 1313
  Variant 21: 1224
  Variant 22: 1475
  Variant 23: 1406
  Variant 24: 1533
  Variant 25: 1102
  Variant 26: 827
  Variant 27: 1088
  Variant 28: 1151
  Variant 29: 991
  Variant 30: 767
  Variant 31: 1095
  Variant 32: 1076
  Variant 33: 817
  Variant 34: 1104
  Variant 35: 1153
  Variant 36: 1018
  Variant 37: 813
  Variant 38: 1097
  Variant 39: 1101
  Variant 40: 814
  Variant 41: 1090
  Variant 42: 1152
  Variant 43: 1049
  Variant 44: 814
  Variant 45: 1101
Fastest variant ID=11: 1542 
***Chosen optimizations set: (2, False, (None, None), True, None, False, (1, 1, 1), False)***
COFFEE Autotuner: cost of variants:
  Variant 0: 1481
  Variant 1: 3122
  Variant 2: 4288
  Variant 3: 4241
  Variant 4: 2640
  Variant 5: 2688
  Variant 6: 2328
  Variant 7: 4389
  Variant 8: 4422
  Variant 9: 3814
  Variant 10: 2439
  Variant 11: 4300
  Variant 12: 4119
  Variant 13: 4234
  Variant 14: 3970
  Variant 15: 3296
  Variant 16: 4238
  Variant 17: 4247
  Variant 18: 4385
  Variant 19: 4163
  Variant 20: 4133
  Variant 21: 3988
  Variant 22: 3370
  Variant 23: 4412
  Variant 24: 4286
  Variant 25: 2389
  Variant 26: 2767
  Variant 27: 2555
  Variant 28: 2463
  Variant 29: 2257
  Variant 30: 2617
  Variant 31: 2537
  Variant 32: 2701
  Variant 33: 2794
  Variant 34: 2448
  Variant 35: 2430
  Variant 36: 2240
  Variant 37: 2698
  Variant 38: 2460
  Variant 39: 2521
  Variant 40: 2453
  Variant 41: 2619
  Variant 42: 2462
  Variant 43: 2259
  Variant 44: 2368
  Variant 45: 2819
Fastest variant ID=8: 4422 
***Chosen optimizations set: (2, False, (4, 2), True, None, False, None, False)***
COFFEE Autotuner: cost of variants:
  Variant 0: 1499
  Variant 1: 3099
  Variant 2: 4256
  Variant 3: 4240
  Variant 4: 2630
  Variant 5: 2675
  Variant 6: 2327
  Variant 7: 4365
  Variant 8: 4412
  Variant 9: 3849
  Variant 10: 2403
  Variant 11: 4202
  Variant 12: 4115
  Variant 13: 4268
  Variant 14: 3956
  Variant 15: 3294
  Variant 16: 4195
  Variant 17: 4275
  Variant 18: 4348
  Variant 19: 4126
  Variant 20: 4140
  Variant 21: 3979
  Variant 22: 3336
  Variant 23: 4333
  Variant 24: 4282
  Variant 25: 2384
  Variant 26: 2786
  Variant 27: 2557
  Variant 28: 2479
  Variant 29: 2255
  Variant 30: 2621
  Variant 31: 2398
  Variant 32: 2685
  Variant 33: 2821
  Variant 34: 2416
  Variant 35: 2373
  Variant 36: 2215
  Variant 37: 2664
  Variant 38: 2470
  Variant 39: 2508
  Variant 40: 2447
  Variant 41: 2616
  Variant 42: 2498
  Variant 43: 2238
  Variant 44: 2376
  Variant 45: 2803
Fastest variant ID=8: 4412 
***Chosen optimizations set: (2, False, (4, 2), True, None, False, None, False)***
COFFEE Autotuner: cost of variants:
  Variant 0: 874
  Variant 1: 1717
  Variant 2: 2417
  Variant 3: 2493
  Variant 4: 1368
  Variant 5: 1499
  Variant 6: 1534
  Variant 7: 2357
  Variant 8: 2376
  Variant 9: 2137
  Variant 10: 1572
  Variant 11: 2490
  Variant 12: 2444
  Variant 13: 2420
  Variant 14: 2280
  Variant 15: 1935
  Variant 16: 2463
  Variant 17: 2389
  Variant 18: 2328
  Variant 19: 2312
  Variant 20: 2481
  Variant 21: 2426
  Variant 22: 2270
  Variant 23: 2423
  Variant 24: 2524
  Variant 25: 2491
  Variant 26: 2477
  Variant 27: 2412
  Variant 28: 2451
  Variant 29: 2403
  Variant 30: 2184
  Variant 31: 1893
  Variant 32: 2496
  Variant 33: 2451
  Variant 34: 2421
  Variant 35: 2250
  Variant 36: 2501
  Variant 37: 2444
  Variant 38: 2506
  Variant 39: 2365
  Variant 40: 2437
  Variant 41: 2484
  Variant 42: 2543
  Variant 43: 1418
  Variant 44: 1588
  Variant 45: 1424
  Variant 46: 1489
  Variant 47: 1225
  Variant 48: 1334
  Variant 49: 1560
  Variant 50: 1401
  Variant 51: 1382
  Variant 52: 1368
  Variant 53: 1582
  Variant 54: 1358
  Variant 55: 1561
  Variant 56: 1478
  Variant 57: 1511
  Variant 58: 1308
  Variant 59: 1460
  Variant 60: 1571
  Variant 61: 1464
  Variant 62: 1379
  Variant 63: 1291
  Variant 64: 1437
  Variant 65: 1536
  Variant 66: 1368
  Variant 67: 1427
  Variant 68: 1363
  Variant 69: 1579
  Variant 70: 1532
  Variant 71: 1396
  Variant 72: 1490
  Variant 73: 1365
  Variant 74: 1547
  Variant 75: 1411
  Variant 76: 1584
  Variant 77: 1426
  Variant 78: 1490
  Variant 79: 1224
  Variant 80: 1328
  Variant 81: 1565
  Variant 82: 1398
  Variant 83: 1375
  Variant 84: 1362
  Variant 85: 1584
  Variant 86: 1356
  Variant 87: 1560
  Variant 88: 1474
  Variant 89: 1501
  Variant 90: 1330
Fastest variant ID=42: 2543 
***Chosen optimizations set: (3, False, (None, None), True, None, False, (9, 1, 1), False)***
COFFEE Autotuner: cost of variants:
  Variant 0: 541
  Variant 1: 1125
  Variant 2: 1536
  Variant 3: 1517
  Variant 4: 880
  Variant 5: 938
  Variant 6: 881
  Variant 7: 1550
  Variant 8: 1546
  Variant 9: 1361
  Variant 10: 632
  Variant 11: 1534
  Variant 12: 1469
  Variant 13: 1482
  Variant 14: 1448
  Variant 15: 1190
  Variant 16: 1507
  Variant 17: 1523
  Variant 18: 1499
  Variant 19: 1503
  Variant 20: 1464
  Variant 21: 1197
  Variant 22: 1538
  Variant 23: 964
  Variant 24: 834
  Variant 25: 921
  Variant 26: 831
  Variant 27: 824
  Variant 28: 880
  Variant 29: 937
  Variant 30: 833
  Variant 31: 921
  Variant 32: 890
  Variant 33: 822
  Variant 34: 826
  Variant 35: 914
  Variant 36: 889
  Variant 37: 922
  Variant 38: 903
  Variant 39: 804
  Variant 40: 871
Fastest variant ID=7: 1550 
***Chosen optimizations set: (2, False, (4, 1), True, None, False, None, False)***
COFFEE Autotuner: cost of variants:
  Variant 0: 560
  Variant 1: 1185
  Variant 2: 1608
  Variant 3: 1602
  Variant 4: 968
  Variant 5: 982
  Variant 6: 832
  Variant 7: 1562
  Variant 8: 1479
  Variant 9: 1323
  Variant 10: 638
  Variant 11: 1595
  Variant 12: 1534
  Variant 13: 1557
  Variant 14: 1497
  Variant 15: 1232
  Variant 16: 1581
  Variant 17: 1586
  Variant 18: 1585
  Variant 19: 1527
  Variant 20: 1498
  Variant 21: 1225
  Variant 22: 1631
  Variant 23: 981
  Variant 24: 1022
  Variant 25: 921
  Variant 26: 905
  Variant 27: 826
  Variant 28: 936
  Variant 29: 876
  Variant 30: 1030
  Variant 31: 925
  Variant 32: 958
  Variant 33: 829
  Variant 34: 853
  Variant 35: 910
  Variant 36: 1023
  Variant 37: 911
  Variant 38: 910
  Variant 39: 807
  Variant 40: 837
Fastest variant ID=22: 1631 
***Chosen optimizations set: (3, False, (None, None), True, None, False, (7, 1, 1), False)***
COFFEE Autotuner: cost of variants:
  Variant 0: 370
  Variant 1: 769
  Variant 2: 1037
  Variant 3: 1025
  Variant 4: 645
  Variant 5: 653
  Variant 6: 558
  Variant 7: 1034
  Variant 8: 981
  Variant 9: 903
  Variant 10: 370
  Variant 11: 1044
  Variant 12: 989
  Variant 13: 1020
  Variant 14: 935
  Variant 15: 787
  Variant 16: 1019
  Variant 17: 1021
  Variant 18: 1015
  Variant 19: 947
  Variant 20: 1036
  Variant 21: 1032
  Variant 22: 1053
  Variant 23: 1060
  Variant 24: 1027
  Variant 25: 994
  Variant 26: 930
  Variant 27: 788
  Variant 28: 1042
  Variant 29: 994
  Variant 30: 1009
  Variant 31: 948
  Variant 32: 1068
  Variant 33: 992
  Variant 34: 1032
  Variant 35: 600
  Variant 36: 679
  Variant 37: 601
  Variant 38: 598
  Variant 39: 506
  Variant 40: 558
  Variant 41: 684
  Variant 42: 597
  Variant 43: 594
  Variant 44: 577
  Variant 45: 664
  Variant 46: 637
  Variant 47: 578
  Variant 48: 662
  Variant 49: 577
  Variant 50: 627
  Variant 51: 511
  Variant 52: 625
  Variant 53: 590
  Variant 54: 612
  Variant 55: 614
  Variant 56: 653
  Variant 57: 596
  Variant 58: 616
  Variant 59: 598
  Variant 60: 630
  Variant 61: 593
  Variant 62: 585
  Variant 63: 535
  Variant 64: 660
  Variant 65: 682
  Variant 66: 592
  Variant 67: 581
  Variant 68: 640
  Variant 69: 682
  Variant 70: 561
Fastest variant ID=32: 1068 
***Chosen optimizations set: (3, False, (None, None), True, None, False, (4, 1, 1), False)***
COFFEE Autotuner: cost of variants:
  Variant 0: 316
  Variant 1: 748
  Variant 2: 977
  Variant 3: 968
  Variant 4: 554
  Variant 5: 593
  Variant 6: 566
  Variant 7: 864
  Variant 8: 949
  Variant 9: 881
  Variant 10: 370
  Variant 11: 969
  Variant 12: 932
  Variant 13: 951
  Variant 14: 934
  Variant 15: 789
  Variant 16: 978
  Variant 17: 965
  Variant 18: 961
  Variant 19: 928
  Variant 20: 969
  Variant 21: 936
  Variant 22: 889
  Variant 23: 979
  Variant 24: 971
  Variant 25: 944
  Variant 26: 914
  Variant 27: 790
  Variant 28: 977
  Variant 29: 943
  Variant 30: 917
  Variant 31: 933
  Variant 32: 998
  Variant 33: 963
  Variant 34: 978
  Variant 35: 571
  Variant 36: 577
  Variant 37: 597
  Variant 38: 575
  Variant 39: 518
  Variant 40: 554
  Variant 41: 640
  Variant 42: 589
  Variant 43: 564
  Variant 44: 580
  Variant 45: 629
  Variant 46: 626
  Variant 47: 544
  Variant 48: 634
  Variant 49: 570
  Variant 50: 599
  Variant 51: 518
  Variant 52: 621
  Variant 53: 564
  Variant 54: 596
  Variant 55: 592
  Variant 56: 561
  Variant 57: 619
  Variant 58: 603
  Variant 59: 606
  Variant 60: 572
  Variant 61: 590
  Variant 62: 570
  Variant 63: 525
  Variant 64: 633
  Variant 65: 641
  Variant 66: 601
  Variant 67: 567
  Variant 68: 570
  Variant 69: 605
  Variant 70: 569
Fastest variant ID=32: 998 
***Chosen optimizations set: (3, False, (None, None), True, None, False, (4, 1, 1), False)***
COFFEE Autotuner: cost of variants:
  Variant 0: 148
  Variant 1: 377
  Variant 2: 491
  Variant 3: 491
  Variant 4: 290
  Variant 5: 312
  Variant 6: 314
  Variant 7: 419
  Variant 8: 503
  Variant 9: 430
  Variant 10: 183
  Variant 11: 490
  Variant 12: 472
  Variant 13: 463
  Variant 14: 467
  Variant 15: 397
  Variant 16: 485
  Variant 17: 435
  Variant 18: 466
  Variant 19: 470
  Variant 20: 485
  Variant 21: 470
  Variant 22: 485
  Variant 23: 462
  Variant 24: 463
  Variant 25: 489
  Variant 26: 475
  Variant 27: 439
  Variant 28: 474
  Variant 29: 466
  Variant 30: 404
  Variant 31: 488
  Variant 32: 470
  Variant 33: 468
  Variant 34: 466
  Variant 35: 492
  Variant 36: 465
  Variant 37: 499
  Variant 38: 475
  Variant 39: 482
  Variant 40: 484
  Variant 41: 272
  Variant 42: 316
  Variant 43: 296
  Variant 44: 275
  Variant 45: 270
  Variant 46: 316
  Variant 47: 322
  Variant 48: 296
  Variant 49: 291
  Variant 50: 298
  Variant 51: 324
  Variant 52: 275
  Variant 53: 323
  Variant 54: 275
  Variant 55: 309
  Variant 56: 299
  Variant 57: 319
  Variant 58: 296
  Variant 59: 290
  Variant 60: 275
  Variant 61: 283
  Variant 62: 312
  Variant 63: 273
  Variant 64: 291
  Variant 65: 307
  Variant 66: 321
  Variant 67: 274
  Variant 68: 317
  Variant 69: 316
  Variant 70: 314
  Variant 71: 268
  Variant 72: 317
  Variant 73: 296
  Variant 74: 298
  Variant 75: 270
  Variant 76: 303
  Variant 77: 284
  Variant 78: 309
  Variant 79: 285
  Variant 80: 274
  Variant 81: 314
  Variant 82: 297
  Variant 83: 323
  Variant 84: 281
  Variant 85: 297
Fastest variant ID=8: 503 
***Chosen optimizations set: (2, False, (4, 2), True, None, False, None, False)***
COFFEE Autotuner: cost of variants:
  Variant 0: 229
  Variant 1: 615
  Variant 2: 752
  Variant 3: 762
  Variant 4: 467
  Variant 5: 514
  Variant 6: 453
  Variant 7: 868
  Variant 8: 980
  Variant 9: 861
  Variant 10: 661
  Variant 11: 757
  Variant 12: 803
  Variant 13: 720
  Variant 14: 759
  Variant 15: 800
  Variant 16: 759
  Variant 17: 761
  Variant 18: 757
  Variant 19: 765
  Variant 20: 761
  Variant 21: 763
  Variant 22: 800
  Variant 23: 718
  Variant 24: 757
  Variant 25: 696
  Variant 26: 760
  Variant 27: 764
  Variant 28: 753
  Variant 29: 747
  Variant 30: 762
  Variant 31: 500
  Variant 32: 456
  Variant 33: 456
  Variant 34: 513
  Variant 35: 477
  Variant 36: 509
  Variant 37: 467
  Variant 38: 514
  Variant 39: 407
  Variant 40: 508
  Variant 41: 473
  Variant 42: 477
  Variant 43: 445
  Variant 44: 465
  Variant 45: 478
  Variant 46: 446
  Variant 47: 509
  Variant 48: 477
  Variant 49: 491
  Variant 50: 480
  Variant 51: 470
  Variant 52: 459
  Variant 53: 479
  Variant 54: 507
  Variant 55: 483
  Variant 56: 487
  Variant 57: 476
  Variant 58: 466
  Variant 59: 516
  Variant 60: 454
Fastest variant ID=8: 980 
***Chosen optimizations set: (2, False, (4, 2), True, None, False, None, False)***
COFFEE Autotuner: cost of variants:
  Variant 0: 220
  Variant 1: 613
  Variant 2: 748
  Variant 3: 757
  Variant 4: 470
  Variant 5: 505
  Variant 6: 455
  Variant 7: 857
  Variant 8: 987
  Variant 9: 861
  Variant 10: 623
  Variant 11: 752
  Variant 12: 804
  Variant 13: 723
  Variant 14: 755
  Variant 15: 802
  Variant 16: 742
  Variant 17: 747
  Variant 18: 733
  Variant 19: 752
  Variant 20: 745
  Variant 21: 748
  Variant 22: 800
  Variant 23: 729
  Variant 24: 747
  Variant 25: 780
  Variant 26: 747
  Variant 27: 752
  Variant 28: 749
  Variant 29: 756
  Variant 30: 753
  Variant 31: 503
  Variant 32: 471
  Variant 33: 451
  Variant 34: 512
  Variant 35: 465
  Variant 36: 510
  Variant 37: 470
  Variant 38: 500
  Variant 39: 454
  Variant 40: 503
  Variant 41: 476
  Variant 42: 475
  Variant 43: 447
  Variant 44: 462
  Variant 45: 452
  Variant 46: 451
  Variant 47: 508
  Variant 48: 471
  Variant 49: 490
  Variant 50: 476
  Variant 51: 471
  Variant 52: 460
  Variant 53: 487
  Variant 54: 490
  Variant 55: 485
  Variant 56: 489
  Variant 57: 468
  Variant 58: 468
  Variant 59: 512
  Variant 60: 449
Fastest variant ID=8: 987 
***Chosen optimizations set: (2, False, (4, 2), True, None, False, None, False)***
COFFEE Autotuner: cost of variants:
  Variant 0: 147
  Variant 1: 394
  Variant 2: 463
  Variant 3: 468
  Variant 4: 291
  Variant 5: 322
  Variant 6: 285
  Variant 7: 537
  Variant 8: 643
  Variant 9: 534
  Variant 10: 357
  Variant 11: 466
  Variant 12: 497
  Variant 13: 444
  Variant 14: 465
  Variant 15: 467
  Variant 16: 486
  Variant 17: 458
  Variant 18: 465
  Variant 19: 295
  Variant 20: 289
  Variant 21: 302
  Variant 22: 318
  Variant 23: 297
  Variant 24: 299
  Variant 25: 298
  Variant 26: 295
  Variant 27: 322
  Variant 28: 301
  Variant 29: 281
  Variant 30: 296
Fastest variant ID=8: 643 
***Chosen optimizations set: (2, False, (4, 2), True, None, False, None, False)***
COFFEE Autotuner: cost of variants:
  Variant 0: 92
  Variant 1: 262
  Variant 2: 316
  Variant 3: 319
  Variant 4: 190
  Variant 5: 216
  Variant 6: 197
  Variant 7: 357
  Variant 8: 426
  Variant 9: 357
  Variant 10: 179
  Variant 11: 316
  Variant 12: 334
  Variant 13: 297
  Variant 14: 317
  Variant 15: 325
  Variant 16: 317
  Variant 17: 318
  Variant 18: 316
  Variant 19: 330
  Variant 20: 300
  Variant 21: 317
  Variant 22: 325
  Variant 23: 319
  Variant 24: 316
  Variant 25: 200
  Variant 26: 200
  Variant 27: 198
  Variant 28: 196
  Variant 29: 193
  Variant 30: 192
  Variant 31: 212
  Variant 32: 201
  Variant 33: 195
  Variant 34: 202
  Variant 35: 198
  Variant 36: 196
  Variant 37: 192
  Variant 38: 215
  Variant 39: 197
  Variant 40: 194
  Variant 41: 199
  Variant 42: 211
  Variant 43: 194
  Variant 44: 197
  Variant 45: 207
Fastest variant ID=8: 426 
***Chosen optimizations set: (2, False, (4, 2), True, None, False, None, False)***
COFFEE Autotuner: cost of variants:
  Variant 0: 98
  Variant 1: 259
  Variant 2: 316
  Variant 3: 319
  Variant 4: 195
  Variant 5: 217
  Variant 6: 189
  Variant 7: 358
  Variant 8: 403
  Variant 9: 357
  Variant 10: 176
  Variant 11: 313
  Variant 12: 334
  Variant 13: 301
  Variant 14: 316
  Variant 15: 331
  Variant 16: 310
  Variant 17: 317
  Variant 18: 315
  Variant 19: 330
  Variant 20: 299
  Variant 21: 314
  Variant 22: 329
  Variant 23: 319
  Variant 24: 313
  Variant 25: 198
  Variant 26: 201
  Variant 27: 189
  Variant 28: 191
  Variant 29: 202
  Variant 30: 198
  Variant 31: 212
  Variant 32: 196
  Variant 33: 203
  Variant 34: 199
  Variant 35: 191
  Variant 36: 200
  Variant 37: 196
  Variant 38: 217
  Variant 39: 189
  Variant 40: 204
  Variant 41: 196
  Variant 42: 202
  Variant 43: 196
  Variant 44: 197
  Variant 45: 217
Fastest variant ID=8: 403 
***Chosen optimizations set: (2, False, (4, 2), True, None, False, None, False)***
COFFEE Autotuner: cost of variants:
  Variant 0: 66
  Variant 1: 183
  Variant 2: 219
  Variant 3: 220
  Variant 4: 138
  Variant 5: 153
  Variant 6: 134
  Variant 7: 249
  Variant 8: 292
  Variant 9: 249
  Variant 10: 122
  Variant 11: 219
  Variant 12: 235
  Variant 13: 213
  Variant 14: 221
  Variant 15: 220
  Variant 16: 218
  Variant 17: 239
  Variant 18: 214
  Variant 19: 221
  Variant 20: 218
  Variant 21: 133
  Variant 22: 139
  Variant 23: 142
  Variant 24: 143
  Variant 25: 142
  Variant 26: 139
  Variant 27: 138
  Variant 28: 135
  Variant 29: 151
  Variant 30: 140
  Variant 31: 149
  Variant 32: 140
  Variant 33: 135
  Variant 34: 151
  Variant 35: 136
Fastest variant ID=8: 292 
***Chosen optimizations set: (2, False, (4, 2), True, None, False, None, False)***
COFFEE Autotuner: cost of variants:
  Variant 0: 64
  Variant 1: 183
  Variant 2: 219
  Variant 3: 221
  Variant 4: 136
  Variant 5: 151
  Variant 6: 134
  Variant 7: 217
  Variant 8: 261
  Variant 9: 218
  Variant 10: 122
  Variant 11: 183
  Variant 12: 230
  Variant 13: 201
  Variant 14: 219
  Variant 15: 221
  Variant 16: 220
  Variant 17: 230
  Variant 18: 201
  Variant 19: 220
  Variant 20: 219
  Variant 21: 133
  Variant 22: 132
  Variant 23: 141
  Variant 24: 142
  Variant 25: 142
  Variant 26: 138
  Variant 27: 139
  Variant 28: 136
  Variant 29: 150
  Variant 30: 140
  Variant 31: 149
  Variant 32: 140
  Variant 33: 134
  Variant 34: 151
  Variant 35: 135
Fastest variant ID=8: 261 
***Chosen optimizations set: (2, False, (4, 2), True, None, False, None, False)***
COFFEE Autotuner: cost of variants:
  Variant 0: 37
  Variant 1: 102
  Variant 2: 119
  Variant 3: 120
  Variant 4: 73
  Variant 5: 81
  Variant 6: 76
  Variant 7: 113
  Variant 8: 137
  Variant 9: 119
  Variant 10: 64
  Variant 11: 119
  Variant 12: 125
  Variant 13: 110
  Variant 14: 119
  Variant 15: 126
  Variant 16: 110
  Variant 17: 81
  Variant 18: 73
  Variant 19: 73
  Variant 20: 77
  Variant 21: 77
  Variant 22: 74
  Variant 23: 73
  Variant 24: 75
  Variant 25: 74
Fastest variant ID=8: 137 
***Chosen optimizations set: (2, False, (4, 2), True, None, False, None, False)***
