COFFEE Autotuner: cost of variants:
  Variant 0: 109760
  Variant 1: 241842
  Variant 2: 248555
  Variant 3: 372364
  Variant 4: 235505
  Variant 5: 251748
  Variant 6: 252006
  Variant 7: 224207
  Variant 8: 233000
  Variant 9: 221891
  Variant 10: 246585
  Variant 11: 249830
  Variant 12: 236169
  Variant 13: 220294
  Variant 14: 226361
  Variant 15: 224466
  Variant 16: 221717
Fastest variant ID=3: 372364 
***Chosen optimizations set: (3, False, (None, None), True, None, False, None, False)***
COFFEE Autotuner: cost of variants:
  Variant 0: 114047
  Variant 1: 202213
  Variant 2: 209263
  Variant 3: 304136
  Variant 4: 180547
  Variant 5: 191143
  Variant 6: 158724
  Variant 7: 196853
  Variant 8: 197698
  Variant 9: 186089
  Variant 10: 163939
  Variant 11: 202244
  Variant 12: 296992
  Variant 13: 177758
  Variant 14: 194142
  Variant 15: 182484
Fastest variant ID=3: 304136 
***Chosen optimizations set: (3, False, (None, None), True, None, False, None, False)***
COFFEE Autotuner: cost of variants:
  Variant 0: 106616
  Variant 1: 172177
  Variant 2: 178593
  Variant 3: 237725
  Variant 4: 161739
  Variant 5: 163226
  Variant 6: 144777
  Variant 7: 167834
  Variant 8: 165469
  Variant 9: 166925
  Variant 10: 149552
  Variant 11: 185126
  Variant 12: 247851
  Variant 13: 156787
  Variant 14: 157983
  Variant 15: 160324
Fastest variant ID=12: 247851 
***Chosen optimizations set: (3, False, (None, None), True, None, False, (0, 0, 1), False)***
COFFEE Autotuner: cost of variants:
  Variant 0: 89982
  Variant 1: 146929
  Variant 2: 151751
  Variant 3: 190201
  Variant 4: 139579
  Variant 5: 139008
  Variant 6: 121919
  Variant 7: 143284
  Variant 8: 145838
  Variant 9: 141727
  Variant 10: 138376
  Variant 11: 153344
  Variant 12: 193038
  Variant 13: 122593
  Variant 14: 132650
  Variant 15: 140781
Fastest variant ID=12: 193038 
***Chosen optimizations set: (3, False, (None, None), True, None, False, (0, 0, 1), False)***
COFFEE Autotuner: cost of variants:
  Variant 0: 106884
  Variant 1: 185017
  Variant 2: 198002
  Variant 3: 284613
  Variant 4: 176530
  Variant 5: 183696
  Variant 6: 154789
  Variant 7: 188927
  Variant 8: 193391
  Variant 9: 183679
  Variant 10: 160122
  Variant 11: 203481
  Variant 12: 283630
  Variant 13: 171673
  Variant 14: 189095
  Variant 15: 177429
Fastest variant ID=3: 284613 
***Chosen optimizations set: (3, False, (None, None), True, None, False, None, False)***
COFFEE Autotuner: cost of variants:
  Variant 0: 32313
  Variant 1: 64647
  Variant 2: 67416
  Variant 3: 103722
  Variant 4: 54450
  Variant 5: 53913
  Variant 6: 55318
  Variant 7: 63945
  Variant 8: 66149
  Variant 9: 64654
  Variant 10: 31078
  Variant 11: 67350
  Variant 12: 64419
  Variant 13: 59012
  Variant 14: 60768
  Variant 15: 60334
  Variant 16: 67348
  Variant 17: 62453
  Variant 18: 60575
  Variant 19: 60899
  Variant 20: 50489
  Variant 21: 42342
Fastest variant ID=3: 103722 
***Chosen optimizations set: (3, False, (None, None), True, None, False, None, False)***
COFFEE Autotuner: cost of variants:
  Variant 0: 23503
  Variant 1: 44252
  Variant 2: 44086
  Variant 3: 65689
  Variant 4: 39193
  Variant 5: 38645
  Variant 6: 38911
  Variant 7: 45486
  Variant 8: 44783
  Variant 9: 43270
  Variant 10: 25058
  Variant 11: 46189
  Variant 12: 40871
  Variant 13: 39869
  Variant 14: 41490
  Variant 15: 41380
  Variant 16: 45765
  Variant 17: 43305
Fastest variant ID=3: 65689 
***Chosen optimizations set: (3, False, (None, None), True, None, False, None, False)***
COFFEE Autotuner: cost of variants:
  Variant 0: 33960
  Variant 1: 72200
  Variant 2: 78322
  Variant 3: 125822
  Variant 4: 63608
  Variant 5: 61222
  Variant 6: 52361
  Variant 7: 70984
  Variant 8: 74585
  Variant 9: 72393
  Variant 10: 34277
  Variant 11: 78919
  Variant 12: 71070
  Variant 13: 64212
  Variant 14: 65162
  Variant 15: 68916
  Variant 16: 77592
  Variant 17: 68340
  Variant 18: 66843
  Variant 19: 65931
  Variant 20: 76819
  Variant 21: 69391
Fastest variant ID=3: 125822 
***Chosen optimizations set: (3, False, (None, None), True, None, False, None, False)***
COFFEE Autotuner: cost of variants:
  Variant 0: 8709
  Variant 1: 16570
  Variant 2: 17590
  Variant 3: 25380
  Variant 4: 14793
  Variant 5: 14720
  Variant 6: 14769
  Variant 7: 16862
  Variant 8: 17361
  Variant 9: 16994
  Variant 10: 11948
  Variant 11: 17605
  Variant 12: 16675
  Variant 13: 15320
  Variant 14: 15823
  Variant 15: 15870
  Variant 16: 17600
  Variant 17: 16268
  Variant 18: 15915
  Variant 19: 15682
  Variant 20: 17497
Fastest variant ID=3: 25380 
***Chosen optimizations set: (3, False, (None, None), True, None, False, None, False)***
COFFEE Autotuner: cost of variants:
  Variant 0: 4264
  Variant 1: 7504
  Variant 2: 7906
  Variant 3: 10400
  Variant 4: 7057
  Variant 5: 6897
  Variant 6: 6917
  Variant 7: 7863
  Variant 8: 7912
  Variant 9: 7574
  Variant 10: 6300
  Variant 11: 8022
  Variant 12: 7669
  Variant 13: 7421
  Variant 14: 7448
  Variant 15: 7467
  Variant 16: 7924
  Variant 17: 7554
  Variant 18: 7498
  Variant 19: 7436
  Variant 20: 7883
  Variant 21: 7754
  Variant 22: 7631
  Variant 23: 7872
  Variant 24: 7625
  Variant 25: 8051
  Variant 26: 7904
Fastest variant ID=3: 10400 
***Chosen optimizations set: (3, False, (None, None), True, None, False, None, False)***
COFFEE Autotuner: cost of variants:
  Variant 0: 25255
  Variant 1: 47370
  Variant 2: 49859
  Variant 3: 70454
  Variant 4: 42018
  Variant 5: 40835
  Variant 6: 35959
  Variant 7: 47431
  Variant 8: 47673
  Variant 9: 47126
  Variant 10: 24545
  Variant 11: 50469
  Variant 12: 46189
  Variant 13: 44961
  Variant 14: 43643
  Variant 15: 45354
  Variant 16: 49424
  Variant 17: 44803
Fastest variant ID=3: 70454 
***Chosen optimizations set: (3, False, (None, None), True, None, False, None, False)***
COFFEE Autotuner: cost of variants:
  Variant 0: 4425
  Variant 1: 7502
  Variant 2: 7752
  Variant 3: 10015
  Variant 4: 6849
  Variant 5: 6823
  Variant 6: 6096
  Variant 7: 7591
  Variant 8: 7734
  Variant 9: 7592
  Variant 10: 6241
  Variant 11: 7852
  Variant 12: 7182
  Variant 13: 7210
  Variant 14: 7080
  Variant 15: 7389
  Variant 16: 7762
  Variant 17: 7192
  Variant 18: 7228
  Variant 19: 7088
  Variant 20: 7668
  Variant 21: 7325
  Variant 22: 7202
  Variant 23: 7805
  Variant 24: 7242
  Variant 25: 7824
  Variant 26: 7804
Fastest variant ID=3: 10015 
***Chosen optimizations set: (3, False, (None, None), True, None, False, None, False)***
COFFEE Autotuner: cost of variants:
  Variant 0: 710
  Variant 1: 1063
  Variant 2: 1090
  Variant 3: 1382
  Variant 4: 996
  Variant 5: 989
  Variant 6: 994
  Variant 7: 1097
  Variant 8: 1086
  Variant 9: 1099
  Variant 10: 860
  Variant 11: 1108
  Variant 12: 1086
  Variant 13: 1044
  Variant 14: 1072
  Variant 15: 1070
  Variant 16: 1091
  Variant 17: 1084
Fastest variant ID=3: 1382 
***Chosen optimizations set: (3, False, (None, None), True, None, False, None, False)***
COFFEE Autotuner: cost of variants:
  Variant 0: 6199
  Variant 1: 19684
  Variant 2: 21318
  Variant 3: 67594
  Variant 4: 21959
  Variant 5: 22004
  Variant 6: 22030
  Variant 7: 18521
  Variant 8: 20310
  Variant 9: 20345
  Variant 10: 10271
  Variant 11: 21706
  Variant 12: 22151
  Variant 13: 20835
  Variant 14: 20501
  Variant 15: 20507
  Variant 16: 20983
  Variant 17: 21710
  Variant 18: 22041
  Variant 19: 20975
  Variant 20: 20343
  Variant 21: 21617
  Variant 22: 22089
Fastest variant ID=3: 67594 
***Chosen optimizations set: (3, False, (None, None), True, None, False, None, False)***
COFFEE Autotuner: cost of variants:
  Variant 0: 6306
  Variant 1: 19173
  Variant 2: 21330
  Variant 3: 57530
  Variant 4: 12455
  Variant 5: 11428
  Variant 6: 12201
  Variant 7: 17916
  Variant 8: 19253
  Variant 9: 19693
  Variant 10: 10637
  Variant 11: 20903
  Variant 12: 21356
  Variant 13: 20020
  Variant 14: 19733
  Variant 15: 20220
  Variant 16: 20424
  Variant 17: 20766
  Variant 18: 21381
  Variant 19: 20068
  Variant 20: 18623
  Variant 21: 20574
  Variant 22: 21599
Fastest variant ID=3: 57530 
***Chosen optimizations set: (3, False, (None, None), True, None, False, None, False)***
COFFEE Autotuner: cost of variants:
  Variant 0: 5916
  Variant 1: 18562
  Variant 2: 20155
  Variant 3: 51039
  Variant 4: 14197
  Variant 5: 14198
  Variant 6: 14233
  Variant 7: 17898
  Variant 8: 18850
  Variant 9: 18817
  Variant 10: 9392
  Variant 11: 20057
  Variant 12: 20952
  Variant 13: 19623
  Variant 14: 19401
  Variant 15: 19437
  Variant 16: 19888
  Variant 17: 20047
  Variant 18: 20900
  Variant 19: 19849
  Variant 20: 19289
  Variant 21: 20067
  Variant 22: 20785
Fastest variant ID=3: 51039 
***Chosen optimizations set: (3, False, (None, None), True, None, False, None, False)***
COFFEE Autotuner: cost of variants:
  Variant 0: 6004
  Variant 1: 18892
  Variant 2: 20018
  Variant 3: 48099
  Variant 4: 14044
  Variant 5: 13970
  Variant 6: 13989
  Variant 7: 17256
  Variant 8: 18219
  Variant 9: 18722
  Variant 10: 9968
  Variant 11: 20040
  Variant 12: 19497
  Variant 13: 18828
  Variant 14: 18544
  Variant 15: 18723
  Variant 16: 19160
  Variant 17: 19673
  Variant 18: 19964
  Variant 19: 19256
  Variant 20: 18637
  Variant 21: 19675
  Variant 22: 20067
Fastest variant ID=3: 48099 
***Chosen optimizations set: (3, False, (None, None), True, None, False, None, False)***
COFFEE Autotuner: cost of variants:
  Variant 0: 4863
  Variant 1: 15132
  Variant 2: 16540
  Variant 3: 43863
  Variant 4: 9800
  Variant 5: 9829
  Variant 6: 9793
  Variant 7: 14486
  Variant 8: 15615
  Variant 9: 15873
  Variant 10: 7675
  Variant 11: 16672
  Variant 12: 16771
  Variant 13: 15600
  Variant 14: 15479
  Variant 15: 15926
  Variant 16: 16292
  Variant 17: 16610
  Variant 18: 16780
Fastest variant ID=3: 43863 
***Chosen optimizations set: (3, False, (None, None), True, None, False, None, False)***
COFFEE Autotuner: cost of variants:
  Variant 0: 1911
  Variant 1: 5856
  Variant 2: 6345
  Variant 3: 15379
  Variant 4: 4285
  Variant 5: 4243
  Variant 6: 4289
  Variant 7: 5287
  Variant 8: 5724
  Variant 9: 5776
  Variant 10: 4076
  Variant 11: 6329
  Variant 12: 6032
  Variant 13: 5268
  Variant 14: 5595
  Variant 15: 5512
  Variant 16: 5795
  Variant 17: 6348
  Variant 18: 6070
  Variant 19: 5321
  Variant 20: 5616
  Variant 21: 6339
Fastest variant ID=3: 15379 
***Chosen optimizations set: (3, False, (None, None), True, None, False, None, False)***
COFFEE Autotuner: cost of variants:
  Variant 0: 1552
  Variant 1: 4952
  Variant 2: 5372
  Variant 3: 12112
  Variant 4: 3925
  Variant 5: 3908
  Variant 6: 3915
  Variant 7: 4507
  Variant 8: 4949
  Variant 9: 4974
  Variant 10: 3420
  Variant 11: 5371
  Variant 12: 5165
  Variant 13: 4843
  Variant 14: 4904
  Variant 15: 4878
  Variant 16: 5061
  Variant 17: 5368
  Variant 18: 5183
  Variant 19: 4879
  Variant 20: 5379
  Variant 21: 5182
Fastest variant ID=3: 12112 
***Chosen optimizations set: (3, False, (None, None), True, None, False, None, False)***
COFFEE Autotuner: cost of variants:
  Variant 0: 1830
  Variant 1: 5236
  Variant 2: 5753
  Variant 3: 15334
  Variant 4: 3480
  Variant 5: 3472
  Variant 6: 3483
  Variant 7: 5282
  Variant 8: 5511
  Variant 9: 5511
  Variant 10: 4189
  Variant 11: 5760
  Variant 12: 5887
  Variant 13: 5506
  Variant 14: 5492
  Variant 15: 5551
  Variant 16: 5719
  Variant 17: 5737
  Variant 18: 5884
  Variant 19: 5473
  Variant 20: 5520
  Variant 21: 5762
Fastest variant ID=3: 15334 
***Chosen optimizations set: (3, False, (None, None), True, None, False, None, False)***
COFFEE Autotuner: cost of variants:
  Variant 0: 1035
  Variant 1: 3078
  Variant 2: 3357
  Variant 3: 7235
  Variant 4: 2313
  Variant 5: 2316
  Variant 6: 2311
  Variant 7: 2849
  Variant 8: 3028
  Variant 9: 3057
  Variant 10: 2573
  Variant 11: 3356
  Variant 12: 3192
  Variant 13: 2844
  Variant 14: 3003
  Variant 15: 3009
  Variant 16: 3004
  Variant 17: 3353
  Variant 18: 3187
  Variant 19: 2845
  Variant 20: 3005
  Variant 21: 3355
  Variant 22: 3187
  Variant 23: 2850
  Variant 24: 3357
  Variant 25: 3187
  Variant 26: 3354
  Variant 27: 3349
Fastest variant ID=3: 7235 
***Chosen optimizations set: (3, False, (None, None), True, None, False, None, False)***
COFFEE Autotuner: cost of variants:
  Variant 0: 196
  Variant 1: 554
  Variant 2: 594
  Variant 3: 1190
  Variant 4: 437
  Variant 5: 436
  Variant 6: 434
  Variant 7: 494
  Variant 8: 533
  Variant 9: 543
  Variant 10: 378
  Variant 11: 590
  Variant 12: 558
  Variant 13: 524
  Variant 14: 529
  Variant 15: 530
  Variant 16: 532
  Variant 17: 589
  Variant 18: 560
Fastest variant ID=3: 1190 
***Chosen optimizations set: (3, False, (None, None), True, None, False, None, False)***
COFFEE Autotuner: cost of variants:
  Variant 0: 1655
  Variant 1: 4636
  Variant 2: 5081
  Variant 3: 12177
  Variant 4: 3134
  Variant 5: 3133
  Variant 6: 3130
  Variant 7: 4556
  Variant 8: 4787
  Variant 9: 4832
  Variant 10: 3384
  Variant 11: 5076
  Variant 12: 5080
  Variant 13: 4759
  Variant 14: 4896
  Variant 15: 4812
  Variant 16: 5136
  Variant 17: 5068
  Variant 18: 5058
  Variant 19: 4749
  Variant 20: 5062
  Variant 21: 5070
Fastest variant ID=3: 12177 
***Chosen optimizations set: (3, False, (None, None), True, None, False, None, False)***
COFFEE Autotuner: cost of variants:
  Variant 0: 172
  Variant 1: 535
  Variant 2: 569
  Variant 3: 1112
  Variant 4: 335
  Variant 5: 335
  Variant 6: 336
  Variant 7: 505
  Variant 8: 521
  Variant 9: 516
  Variant 10: 380
  Variant 11: 570
  Variant 12: 529
  Variant 13: 502
  Variant 14: 512
  Variant 15: 506
  Variant 16: 527
  Variant 17: 568
  Variant 18: 530
Fastest variant ID=3: 1112 
***Chosen optimizations set: (3, False, (None, None), True, None, False, None, False)***
COFFEE Autotuner: cost of variants:
  Variant 0: 97
  Variant 1: 269
  Variant 2: 285
  Variant 3: 506
  Variant 4: 219
  Variant 5: 218
  Variant 6: 221
  Variant 7: 262
  Variant 8: 265
  Variant 9: 264
  Variant 10: 243
  Variant 11: 281
  Variant 12: 267
  Variant 13: 261
  Variant 14: 259
  Variant 15: 263
  Variant 16: 275
  Variant 17: 285
  Variant 18: 270
  Variant 19: 262
  Variant 20: 261
  Variant 21: 286
  Variant 22: 269
  Variant 23: 262
  Variant 24: 286
  Variant 25: 268
  Variant 26: 285
  Variant 27: 285
  Variant 28: 284
Fastest variant ID=3: 506 
***Chosen optimizations set: (3, False, (None, None), True, None, False, None, False)***
COFFEE Autotuner: cost of variants:
  Variant 0: 641
  Variant 1: 1827
  Variant 2: 1918
  Variant 3: 8251
  Variant 4: 1913
  Variant 5: 1911
  Variant 6: 1901
  Variant 7: 1559
  Variant 8: 1649
  Variant 9: 1627
  Variant 10: 1552
  Variant 11: 1921
  Variant 12: 1664
  Variant 13: 1677
  Variant 14: 1754
  Variant 15: 1746
  Variant 16: 1748
  Variant 17: 1750
  Variant 18: 1886
  Variant 19: 1685
  Variant 20: 1666
  Variant 21: 1747
  Variant 22: 1762
  Variant 23: 1890
Fastest variant ID=3: 8251 
***Chosen optimizations set: (3, False, (None, None), True, None, False, None, False)***
COFFEE Autotuner: cost of variants:
  Variant 0: 586
  Variant 1: 1749
  Variant 2: 1858
  Variant 3: 6615
  Variant 4: 1097
  Variant 5: 1274
  Variant 6: 1087
  Variant 7: 1536
  Variant 8: 1599
  Variant 9: 1630
  Variant 10: 1551
  Variant 11: 1891
  Variant 12: 1629
  Variant 13: 1637
  Variant 14: 1695
  Variant 15: 1708
  Variant 16: 1713
  Variant 17: 1745
  Variant 18: 1852
  Variant 19: 1626
  Variant 20: 1650
  Variant 21: 1718
  Variant 22: 1714
  Variant 23: 1845
Fastest variant ID=3: 6615 
***Chosen optimizations set: (3, False, (None, None), True, None, False, None, False)***
COFFEE Autotuner: cost of variants:
  Variant 0: 647
  Variant 1: 1722
  Variant 2: 1829
  Variant 3: 6558
  Variant 4: 1082
  Variant 5: 1256
  Variant 6: 1081
  Variant 7: 1507
  Variant 8: 1591
  Variant 9: 1599
  Variant 10: 1540
  Variant 11: 1882
  Variant 12: 1617
  Variant 13: 1634
  Variant 14: 1687
  Variant 15: 1720
  Variant 16: 1706
  Variant 17: 1716
  Variant 18: 1851
  Variant 19: 1612
  Variant 20: 1632
  Variant 21: 1707
  Variant 22: 1713
  Variant 23: 1816
Fastest variant ID=3: 6558 
***Chosen optimizations set: (3, False, (None, None), True, None, False, None, False)***
COFFEE Autotuner: cost of variants:
  Variant 0: 629
  Variant 1: 1734
  Variant 2: 1814
  Variant 3: 6139
  Variant 4: 1076
  Variant 5: 1245
  Variant 6: 1076
  Variant 7: 1489
  Variant 8: 1570
  Variant 9: 1593
  Variant 10: 1506
  Variant 11: 1855
  Variant 12: 1606
  Variant 13: 1626
  Variant 14: 1692
  Variant 15: 1692
  Variant 16: 1673
  Variant 17: 1704
  Variant 18: 1834
  Variant 19: 1592
  Variant 20: 1614
  Variant 21: 1688
  Variant 22: 1682
  Variant 23: 1794
Fastest variant ID=3: 6139 
***Chosen optimizations set: (3, False, (None, None), True, None, False, None, False)***
COFFEE Autotuner: cost of variants:
  Variant 0: 610
  Variant 1: 1630
  Variant 2: 1745
  Variant 3: 6199
  Variant 4: 1023
  Variant 5: 1186
  Variant 6: 883
  Variant 7: 1393
  Variant 8: 1412
  Variant 9: 1498
  Variant 10: 1430
  Variant 11: 1768
  Variant 12: 1534
  Variant 13: 1550
  Variant 14: 1609
  Variant 15: 1610
  Variant 16: 1480
  Variant 17: 1612
  Variant 18: 1728
  Variant 19: 1526
  Variant 20: 1540
  Variant 21: 1740
  Variant 22: 1541
Fastest variant ID=3: 6199 
***Chosen optimizations set: (3, False, (None, None), True, None, False, None, False)***
COFFEE Autotuner: cost of variants:
  Variant 0: 365
  Variant 1: 1018
  Variant 2: 1077
  Variant 3: 3599
  Variant 4: 728
  Variant 5: 629
  Variant 6: 729
  Variant 7: 876
  Variant 8: 920
  Variant 9: 935
  Variant 10: 928
  Variant 11: 1064
  Variant 12: 943
  Variant 13: 935
  Variant 14: 990
  Variant 15: 984
  Variant 16: 984
  Variant 17: 1056
  Variant 18: 1067
  Variant 19: 941
  Variant 20: 947
  Variant 21: 983
  Variant 22: 992
  Variant 23: 1086
  Variant 24: 924
  Variant 25: 939
  Variant 26: 1057
  Variant 27: 945
  Variant 28: 1068
  Variant 29: 1077
Fastest variant ID=3: 3599 
***Chosen optimizations set: (3, False, (None, None), True, None, False, None, False)***
COFFEE Autotuner: cost of variants:
  Variant 0: 154
  Variant 1: 370
  Variant 2: 403
  Variant 3: 1328
  Variant 4: 250
  Variant 5: 264
  Variant 6: 238
  Variant 7: 324
  Variant 8: 340
  Variant 9: 333
  Variant 10: 331
  Variant 11: 397
  Variant 12: 345
  Variant 13: 353
  Variant 14: 361
  Variant 15: 368
  Variant 16: 368
  Variant 17: 385
  Variant 18: 389
  Variant 19: 348
  Variant 20: 351
  Variant 21: 364
  Variant 22: 371
  Variant 23: 394
  Variant 24: 322
  Variant 25: 398
Fastest variant ID=3: 1328 
***Chosen optimizations set: (3, False, (None, None), True, None, False, None, False)***
COFFEE Autotuner: cost of variants:
  Variant 0: 381
  Variant 1: 1052
  Variant 2: 1102
  Variant 3: 4022
  Variant 4: 637
  Variant 5: 738
  Variant 6: 632
  Variant 7: 872
  Variant 8: 940
  Variant 9: 937
  Variant 10: 926
  Variant 11: 1113
  Variant 12: 950
  Variant 13: 966
  Variant 14: 1005
  Variant 15: 1004
  Variant 16: 997
  Variant 17: 1075
  Variant 18: 1087
  Variant 19: 960
  Variant 20: 959
  Variant 21: 1006
  Variant 22: 1008
  Variant 23: 1089
  Variant 24: 953
  Variant 25: 963
  Variant 26: 1113
  Variant 27: 952
  Variant 28: 1110
  Variant 29: 1078
Fastest variant ID=3: 4022 
***Chosen optimizations set: (3, False, (None, None), True, None, False, None, False)***
COFFEE Autotuner: cost of variants:
  Variant 0: 62
  Variant 1: 126
  Variant 2: 136
  Variant 3: 482
  Variant 4: 88
  Variant 5: 122
  Variant 6: 142
  Variant 7: 167
  Variant 8: 179
  Variant 9: 179
  Variant 10: 149
  Variant 11: 196
  Variant 12: 183
  Variant 13: 182
  Variant 14: 193
  Variant 15: 193
  Variant 16: 194
  Variant 17: 204
  Variant 18: 209
  Variant 19: 183
Fastest variant ID=3: 482 
***Chosen optimizations set: (3, False, (None, None), True, None, False, None, False)***
COFFEE Autotuner: cost of variants:
  Variant 0: 42
  Variant 1: 110
  Variant 2: 114
  Variant 3: 380
  Variant 4: 74
  Variant 5: 78
  Variant 6: 70
  Variant 7: 95
  Variant 8: 100
  Variant 9: 101
  Variant 10: 105
  Variant 11: 116
  Variant 12: 102
  Variant 13: 105
  Variant 14: 108
  Variant 15: 106
  Variant 16: 108
  Variant 17: 114
  Variant 18: 114
  Variant 19: 103
  Variant 20: 104
  Variant 21: 108
  Variant 22: 108
  Variant 23: 116
  Variant 24: 103
  Variant 25: 104
  Variant 26: 116
  Variant 27: 99
  Variant 28: 115
  Variant 29: 115
  Variant 30: 117
Fastest variant ID=3: 380 
***Chosen optimizations set: (3, False, (None, None), True, None, False, None, False)***
COFFEE Autotuner: cost of variants:
  Variant 0: 154
  Variant 1: 374
  Variant 2: 393
  Variant 3: 1223
  Variant 4: 233
  Variant 5: 268
  Variant 6: 231
  Variant 7: 322
  Variant 8: 336
  Variant 9: 320
  Variant 10: 330
  Variant 11: 397
  Variant 12: 343
  Variant 13: 354
  Variant 14: 359
  Variant 15: 363
  Variant 16: 355
  Variant 17: 375
  Variant 18: 386
  Variant 19: 337
  Variant 20: 349
  Variant 21: 355
  Variant 22: 361
  Variant 23: 388
  Variant 24: 346
  Variant 25: 389
Fastest variant ID=3: 1223 
***Chosen optimizations set: (3, False, (None, None), True, None, False, None, False)***
COFFEE Autotuner: cost of variants:
  Variant 0: 45
  Variant 1: 111
  Variant 2: 115
  Variant 3: 330
  Variant 4: 68
  Variant 5: 78
  Variant 6: 68
  Variant 7: 94
  Variant 8: 97
  Variant 9: 92
  Variant 10: 104
  Variant 11: 114
  Variant 12: 99
  Variant 13: 102
  Variant 14: 104
  Variant 15: 99
  Variant 16: 104
  Variant 17: 110
  Variant 18: 102
  Variant 19: 100
  Variant 20: 101
  Variant 21: 104
  Variant 22: 104
  Variant 23: 112
  Variant 24: 100
  Variant 25: 101
  Variant 26: 113
  Variant 27: 99
  Variant 28: 114
  Variant 29: 111
  Variant 30: 113
Fastest variant ID=3: 330 
***Chosen optimizations set: (3, False, (None, None), True, None, False, None, False)***
COFFEE Autotuner: cost of variants:
  Variant 0: 27
  Variant 1: 66
  Variant 2: 68
  Variant 3: 182
  Variant 4: 48
  Variant 5: 42
  Variant 6: 48
  Variant 7: 56
  Variant 8: 59
  Variant 9: 56
  Variant 10: 55
  Variant 11: 67
  Variant 12: 61
  Variant 13: 61
  Variant 14: 63
  Variant 15: 62
  Variant 16: 63
  Variant 17: 62
  Variant 18: 68
Fastest variant ID=3: 182 
***Chosen optimizations set: (3, False, (None, None), True, None, False, None, False)***
COFFEE Autotuner: cost of variants:
  Variant 0: 118
  Variant 1: 342
  Variant 2: 350
  Variant 3: 1089
  Variant 4: 354
  Variant 5: 356
  Variant 6: 355
  Variant 7: 289
  Variant 8: 301
  Variant 9: 314
  Variant 10: 337
  Variant 11: 350
  Variant 12: 320
  Variant 13: 334
  Variant 14: 334
  Variant 15: 353
  Variant 16: 321
  Variant 17: 333
  Variant 18: 348
  Variant 19: 320
  Variant 20: 352
  Variant 21: 352
  Variant 22: 349
Fastest variant ID=3: 1089 
***Chosen optimizations set: (3, False, (None, None), True, None, False, None, False)***
COFFEE Autotuner: cost of variants:
  Variant 0: 124
  Variant 1: 342
  Variant 2: 325
  Variant 3: 1075
  Variant 4: 217
  Variant 5: 216
  Variant 6: 214
  Variant 7: 287
  Variant 8: 301
  Variant 9: 311
  Variant 10: 338
  Variant 11: 348
  Variant 12: 319
  Variant 13: 333
  Variant 14: 333
  Variant 15: 349
  Variant 16: 319
  Variant 17: 331
  Variant 18: 348
  Variant 19: 318
  Variant 20: 350
  Variant 21: 350
  Variant 22: 347
Fastest variant ID=3: 1075 
***Chosen optimizations set: (3, False, (None, None), True, None, False, None, False)***
COFFEE Autotuner: cost of variants:
  Variant 0: 123
  Variant 1: 347
  Variant 2: 352
  Variant 3: 942
  Variant 4: 216
  Variant 5: 216
  Variant 6: 197
  Variant 7: 281
  Variant 8: 300
  Variant 9: 305
  Variant 10: 335
  Variant 11: 348
  Variant 12: 317
  Variant 13: 330
  Variant 14: 333
  Variant 15: 351
  Variant 16: 317
  Variant 17: 330
  Variant 18: 348
  Variant 19: 318
  Variant 20: 350
  Variant 21: 350
  Variant 22: 350
Fastest variant ID=3: 942 
***Chosen optimizations set: (3, False, (None, None), True, None, False, None, False)***
COFFEE Autotuner: cost of variants:
  Variant 0: 122
  Variant 1: 344
  Variant 2: 352
  Variant 3: 970
  Variant 4: 215
  Variant 5: 215
  Variant 6: 216
  Variant 7: 280
  Variant 8: 296
  Variant 9: 311
  Variant 10: 336
  Variant 11: 349
  Variant 12: 316
  Variant 13: 330
  Variant 14: 332
  Variant 15: 352
  Variant 16: 316
  Variant 17: 329
  Variant 18: 348
  Variant 19: 316
  Variant 20: 350
  Variant 21: 352
  Variant 22: 351
Fastest variant ID=3: 970 
***Chosen optimizations set: (3, False, (None, None), True, None, False, None, False)***
COFFEE Autotuner: cost of variants:
  Variant 0: 47
  Variant 1: 128
  Variant 2: 131
  Variant 3: 419
  Variant 4: 81
  Variant 5: 81
  Variant 6: 81
  Variant 7: 108
  Variant 8: 114
  Variant 9: 118
  Variant 10: 126
  Variant 11: 131
  Variant 12: 119
  Variant 13: 125
  Variant 14: 125
  Variant 15: 132
  Variant 16: 119
  Variant 17: 125
  Variant 18: 132
  Variant 19: 132
Fastest variant ID=3: 419 
***Chosen optimizations set: (3, False, (None, None), True, None, False, None, False)***
COFFEE Autotuner: cost of variants:
  Variant 0: 24
  Variant 1: 64
  Variant 2: 67
  Variant 3: 214
  Variant 4: 42
  Variant 5: 43
  Variant 6: 44
  Variant 7: 55
  Variant 8: 59
  Variant 9: 60
  Variant 10: 59
  Variant 11: 68
  Variant 12: 61
  Variant 13: 63
  Variant 14: 64
  Variant 15: 67
Fastest variant ID=3: 214 
***Chosen optimizations set: (3, False, (None, None), True, None, False, None, False)***
COFFEE Autotuner: cost of variants:
  Variant 0: 24
  Variant 1: 65
  Variant 2: 67
  Variant 3: 204
  Variant 4: 42
  Variant 5: 41
  Variant 6: 42
  Variant 7: 56
  Variant 8: 58
  Variant 9: 60
  Variant 10: 58
  Variant 11: 67
  Variant 12: 61
  Variant 13: 63
  Variant 14: 64
  Variant 15: 67
Fastest variant ID=3: 204 
***Chosen optimizations set: (3, False, (None, None), True, None, False, None, False)***
COFFEE Autotuner: cost of variants:
  Variant 0: 23
  Variant 1: 64
  Variant 2: 66
  Variant 3: 214
  Variant 4: 42
  Variant 5: 41
  Variant 6: 42
  Variant 7: 54
  Variant 8: 57
  Variant 9: 60
  Variant 10: 59
  Variant 11: 66
  Variant 12: 61
  Variant 13: 64
  Variant 14: 64
  Variant 15: 66
Fastest variant ID=3: 214 
***Chosen optimizations set: (3, False, (None, None), True, None, False, None, False)***
COFFEE Autotuner: cost of variants:
  Variant 0: 14
  Variant 1: 37
  Variant 2: 39
  Variant 3: 121
  Variant 4: 24
  Variant 5: 25
  Variant 6: 26
  Variant 7: 32
  Variant 8: 34
  Variant 9: 35
  Variant 10: 42
  Variant 11: 39
  Variant 12: 35
  Variant 13: 37
  Variant 14: 37
  Variant 15: 38
  Variant 16: 35
  Variant 17: 37
  Variant 18: 39
  Variant 19: 35
  Variant 20: 38
  Variant 21: 38
  Variant 22: 38
  Variant 23: 39
Fastest variant ID=3: 121 
***Chosen optimizations set: (3, False, (None, None), True, None, False, None, False)***
COFFEE Autotuner: cost of variants:
  Variant 0: 9
  Variant 1: 23
  Variant 2: 24
  Variant 3: 70
  Variant 4: 15
  Variant 5: 15
  Variant 6: 15
  Variant 7: 20
  Variant 8: 21
  Variant 9: 22
  Variant 10: 23
  Variant 11: 24
  Variant 12: 22
  Variant 13: 23
  Variant 14: 23
  Variant 15: 24
Fastest variant ID=3: 70 
***Chosen optimizations set: (3, False, (None, None), True, None, False, None, False)***
COFFEE Autotuner: cost of variants:
  Variant 0: 25
  Variant 1: 66
  Variant 2: 67
  Variant 3: 181
  Variant 4: 42
  Variant 5: 42
  Variant 6: 42
  Variant 7: 55
  Variant 8: 58
  Variant 9: 60
  Variant 10: 58
  Variant 11: 67
  Variant 12: 61
  Variant 13: 64
  Variant 14: 64
  Variant 15: 68
Fastest variant ID=3: 181 
***Chosen optimizations set: (3, False, (None, None), True, None, False, None, False)***
COFFEE Autotuner: cost of variants:
  Variant 0: 9
  Variant 1: 24
  Variant 2: 24
  Variant 3: 68
  Variant 4: 15
  Variant 5: 15
  Variant 6: 16
  Variant 7: 21
  Variant 8: 21
  Variant 9: 22
  Variant 10: 25
  Variant 11: 24
  Variant 12: 22
  Variant 13: 23
  Variant 14: 23
  Variant 15: 24
Fastest variant ID=3: 68 
***Chosen optimizations set: (3, False, (None, None), True, None, False, None, False)***
COFFEE Autotuner: cost of variants:
  Variant 0: 6
  Variant 1: 16
  Variant 2: 16
  Variant 3: 42
  Variant 4: 10
  Variant 5: 10
  Variant 6: 10
  Variant 7: 14
  Variant 8: 14
  Variant 9: 15
  Variant 10: 14
  Variant 11: 16
  Variant 12: 15
  Variant 13: 16
  Variant 14: 16
  Variant 15: 16
  Variant 16: 15
  Variant 17: 16
  Variant 18: 16
  Variant 19: 16
Fastest variant ID=3: 42 
***Chosen optimizations set: (3, False, (None, None), True, None, False, None, False)***
