COFFEE Autotuner: cost of variants:
  Variant 0: 114968
  Variant 1: 249402
  Variant 2: 286943
  Variant 3: 325645
  Variant 4: 286805
  Variant 5: 286399
  Variant 6: 282342
  Variant 7: 251466
  Variant 8: 274654
  Variant 9: 269854
  Variant 10: 271573
  Variant 11: 282978
  Variant 12: 282880
  Variant 13: 277776
  Variant 14: 262687
  Variant 15: 261923
  Variant 16: 260187
Fastest variant ID=3: 325645 
***Chosen optimizations set: (3, False, (None, None), True, None, False, None, False)***
COFFEE Autotuner: cost of variants:
  Variant 0: 95021
  Variant 1: 219574
  Variant 2: 245541
  Variant 3: 284913
  Variant 4: 220950
  Variant 5: 235167
  Variant 6: 197310
  Variant 7: 233030
  Variant 8: 239986
  Variant 9: 229460
  Variant 10: 197279
  Variant 11: 247110
  Variant 12: 283486
  Variant 13: 212325
  Variant 14: 233544
  Variant 15: 222023
Fastest variant ID=3: 284913 
***Chosen optimizations set: (3, False, (None, None), True, None, False, None, False)***
COFFEE Autotuner: cost of variants:
  Variant 0: 31606
  Variant 1: 89354
  Variant 2: 103535
  Variant 3: 131021
  Variant 4: 87728
  Variant 5: 86577
  Variant 6: 77028
  Variant 7: 102674
  Variant 8: 111894
  Variant 9: 107203
  Variant 10: 52925
  Variant 11: 104178
  Variant 12: 108491
  Variant 13: 100106
  Variant 14: 95156
  Variant 15: 93211
  Variant 16: 103703
  Variant 17: 105309
  Variant 18: 104064
  Variant 19: 95174
  Variant 20: 103202
  Variant 21: 106018
Fastest variant ID=3: 131021 
***Chosen optimizations set: (3, False, (None, None), True, None, False, None, False)***
COFFEE Autotuner: cost of variants:
  Variant 0: 25906
  Variant 1: 73852
  Variant 2: 88211
  Variant 3: 106414
  Variant 4: 74625
  Variant 5: 74784
  Variant 6: 63809
  Variant 7: 85086
  Variant 8: 91939
  Variant 9: 90672
  Variant 10: 45797
  Variant 11: 87273
  Variant 12: 90482
  Variant 13: 84723
  Variant 14: 77817
  Variant 15: 80026
  Variant 16: 87967
  Variant 17: 88935
Fastest variant ID=3: 106414 
***Chosen optimizations set: (3, False, (None, None), True, None, False, None, False)***
COFFEE Autotuner: cost of variants:
  Variant 0: 33970
  Variant 1: 95648
  Variant 2: 116646
  Variant 3: 135936
  Variant 4: 92172
  Variant 5: 94336
  Variant 6: 82634
  Variant 7: 108408
  Variant 8: 117955
  Variant 9: 112707
  Variant 10: 55040
  Variant 11: 115111
  Variant 12: 113422
  Variant 13: 110119
  Variant 14: 97844
  Variant 15: 101609
  Variant 16: 113498
  Variant 17: 112499
  Variant 18: 107810
  Variant 19: 98419
  Variant 20: 111958
  Variant 21: 113510
Fastest variant ID=3: 135936 
***Chosen optimizations set: (3, False, (None, None), True, None, False, None, False)***
COFFEE Autotuner: cost of variants:
  Variant 0: 9717
  Variant 1: 29419
  Variant 2: 38147
  Variant 3: 50089
  Variant 4: 31159
  Variant 5: 31056
  Variant 6: 23879
  Variant 7: 39140
  Variant 8: 41211
  Variant 9: 40511
  Variant 10: 26940
  Variant 11: 38635
  Variant 12: 39866
  Variant 13: 37182
  Variant 14: 33840
  Variant 15: 34223
  Variant 16: 39005
  Variant 17: 39314
  Variant 18: 38575
  Variant 19: 34169
  Variant 20: 38743
Fastest variant ID=3: 50089 
***Chosen optimizations set: (3, False, (None, None), True, None, False, None, False)***
COFFEE Autotuner: cost of variants:
  Variant 0: 5559
  Variant 1: 17265
  Variant 2: 22397
  Variant 3: 30171
  Variant 4: 18598
  Variant 5: 18598
  Variant 6: 15059
  Variant 7: 22640
  Variant 8: 24270
  Variant 9: 23878
  Variant 10: 18074
  Variant 11: 22562
  Variant 12: 23551
  Variant 13: 22859
  Variant 14: 19642
  Variant 15: 20790
  Variant 16: 22768
  Variant 17: 22967
  Variant 18: 23489
  Variant 19: 19850
  Variant 20: 22161
  Variant 21: 23374
  Variant 22: 23445
  Variant 23: 22764
  Variant 24: 22996
  Variant 25: 22664
  Variant 26: 22435
Fastest variant ID=3: 30171 
***Chosen optimizations set: (3, False, (None, None), True, None, False, None, False)***
COFFEE Autotuner: cost of variants:
  Variant 0: 29132
  Variant 1: 81293
  Variant 2: 98954
  Variant 3: 120404
  Variant 4: 80858
  Variant 5: 79292
  Variant 6: 68285
  Variant 7: 93828
  Variant 8: 102075
  Variant 9: 98524
  Variant 10: 48802
  Variant 11: 100312
  Variant 12: 99931
  Variant 13: 99174
  Variant 14: 84496
  Variant 15: 87788
  Variant 16: 95608
  Variant 17: 97941
Fastest variant ID=3: 120404 
***Chosen optimizations set: (3, False, (None, None), True, None, False, None, False)***
COFFEE Autotuner: cost of variants:
  Variant 0: 6035
  Variant 1: 19484
  Variant 2: 23879
  Variant 3: 30982
  Variant 4: 18970
  Variant 5: 19026
  Variant 6: 16219
  Variant 7: 22265
  Variant 8: 25638
  Variant 9: 24482
  Variant 10: 18125
  Variant 11: 23600
  Variant 12: 24358
  Variant 13: 23429
  Variant 14: 20308
  Variant 15: 21197
  Variant 16: 23811
  Variant 17: 23504
  Variant 18: 24082
  Variant 19: 20546
  Variant 20: 23335
  Variant 21: 23985
  Variant 22: 23943
  Variant 23: 23864
  Variant 24: 24187
  Variant 25: 23541
  Variant 26: 23254
Fastest variant ID=3: 30982 
***Chosen optimizations set: (3, False, (None, None), True, None, False, None, False)***
COFFEE Autotuner: cost of variants:
  Variant 0: 1152
  Variant 1: 3741
  Variant 2: 4611
  Variant 3: 5835
  Variant 4: 3683
  Variant 5: 3681
  Variant 6: 3135
  Variant 7: 4662
  Variant 8: 5042
  Variant 9: 4887
  Variant 10: 3569
  Variant 11: 4639
  Variant 12: 4738
  Variant 13: 4283
  Variant 14: 4176
  Variant 15: 3878
  Variant 16: 4552
  Variant 17: 4561
Fastest variant ID=3: 5835 
***Chosen optimizations set: (3, False, (None, None), True, None, False, None, False)***
COFFEE Autotuner: cost of variants:
  Variant 0: 10634
  Variant 1: 33313
  Variant 2: 39795
  Variant 3: 50146
  Variant 4: 31712
  Variant 5: 31741
  Variant 6: 25977
  Variant 7: 37929
  Variant 8: 41722
  Variant 9: 40702
  Variant 10: 27269
  Variant 11: 39947
  Variant 12: 39663
  Variant 13: 36930
  Variant 14: 35520
  Variant 15: 34961
  Variant 16: 39590
  Variant 17: 38858
  Variant 18: 37870
  Variant 19: 35551
  Variant 20: 39273
Fastest variant ID=3: 50146 
***Chosen optimizations set: (3, False, (None, None), True, None, False, None, False)***
COFFEE Autotuner: cost of variants:
  Variant 0: 1106
  Variant 1: 3628
  Variant 2: 4400
  Variant 3: 5651
  Variant 4: 3550
  Variant 5: 3551
  Variant 6: 2839
  Variant 7: 4422
  Variant 8: 4726
  Variant 9: 4637
  Variant 10: 3443
  Variant 11: 4416
  Variant 12: 4496
  Variant 13: 4073
  Variant 14: 4027
  Variant 15: 3745
  Variant 16: 4408
  Variant 17: 4371
Fastest variant ID=3: 5651 
***Chosen optimizations set: (3, False, (None, None), True, None, False, None, False)***
COFFEE Autotuner: cost of variants:
  Variant 0: 402
  Variant 1: 1295
  Variant 2: 1521
  Variant 3: 2032
  Variant 4: 1266
  Variant 5: 1263
  Variant 6: 1016
  Variant 7: 1563
  Variant 8: 1661
  Variant 9: 1625
  Variant 10: 901
  Variant 11: 1532
  Variant 12: 1586
  Variant 13: 1475
  Variant 14: 1318
  Variant 15: 1404
  Variant 16: 1512
Fastest variant ID=3: 2032 
***Chosen optimizations set: (3, False, (None, None), True, None, False, None, False)***
COFFEE Autotuner: cost of variants:
  Variant 0: 5186
  Variant 1: 23639
  Variant 2: 29401
  Variant 3: 42138
  Variant 4: 29292
  Variant 5: 29338
  Variant 6: 29383
  Variant 7: 27527
  Variant 8: 30043
  Variant 9: 29563
  Variant 10: 14492
  Variant 11: 29375
  Variant 12: 32087
  Variant 13: 31818
  Variant 14: 29264
  Variant 15: 29551
  Variant 16: 28758
  Variant 17: 29402
  Variant 18: 32081
  Variant 19: 31861
  Variant 20: 29272
  Variant 21: 29362
  Variant 22: 32223
Fastest variant ID=3: 42138 
***Chosen optimizations set: (3, False, (None, None), True, None, False, None, False)***
COFFEE Autotuner: cost of variants:
  Variant 0: 4465
  Variant 1: 18316
  Variant 2: 24068
  Variant 3: 35852
  Variant 4: 16157
  Variant 5: 16115
  Variant 6: 16088
  Variant 7: 21554
  Variant 8: 23663
  Variant 9: 23704
  Variant 10: 12686
  Variant 11: 23979
  Variant 12: 25406
  Variant 13: 24771
  Variant 14: 22533
  Variant 15: 22857
  Variant 16: 22209
  Variant 17: 23616
  Variant 18: 25353
Fastest variant ID=3: 35852 
***Chosen optimizations set: (3, False, (None, None), True, None, False, None, False)***
COFFEE Autotuner: cost of variants:
  Variant 0: 1528
  Variant 1: 6840
  Variant 2: 8938
  Variant 3: 12496
  Variant 4: 5936
  Variant 5: 5948
  Variant 6: 5959
  Variant 7: 9165
  Variant 8: 9134
  Variant 9: 9050
  Variant 10: 6667
  Variant 11: 8945
  Variant 12: 9524
  Variant 13: 9285
  Variant 14: 8278
  Variant 15: 8579
  Variant 16: 8381
  Variant 17: 8942
  Variant 18: 9538
  Variant 19: 9285
  Variant 20: 8428
  Variant 21: 8943
Fastest variant ID=3: 12496 
***Chosen optimizations set: (3, False, (None, None), True, None, False, None, False)***
COFFEE Autotuner: cost of variants:
  Variant 0: 1483
  Variant 1: 6376
  Variant 2: 8325
  Variant 3: 12948
  Variant 4: 5555
  Variant 5: 5549
  Variant 6: 5557
  Variant 7: 8596
  Variant 8: 8585
  Variant 9: 8330
  Variant 10: 6057
  Variant 11: 8304
  Variant 12: 8904
  Variant 13: 8684
  Variant 14: 7947
  Variant 15: 7978
  Variant 16: 7836
  Variant 17: 8340
  Variant 18: 8887
  Variant 19: 8690
  Variant 20: 8304
  Variant 21: 8907
Fastest variant ID=3: 12948 
***Chosen optimizations set: (3, False, (None, None), True, None, False, None, False)***
COFFEE Autotuner: cost of variants:
  Variant 0: 1586
  Variant 1: 6697
  Variant 2: 8805
  Variant 3: 14020
  Variant 4: 5982
  Variant 5: 5944
  Variant 6: 5972
  Variant 7: 9031
  Variant 8: 9195
  Variant 9: 9084
  Variant 10: 6654
  Variant 11: 8865
  Variant 12: 9490
  Variant 13: 9189
  Variant 14: 8422
  Variant 15: 8537
  Variant 16: 8417
  Variant 17: 8826
  Variant 18: 9442
  Variant 19: 9213
  Variant 20: 8479
  Variant 21: 8882
Fastest variant ID=3: 14020 
***Chosen optimizations set: (3, False, (None, None), True, None, False, None, False)***
COFFEE Autotuner: cost of variants:
  Variant 0: 907
  Variant 1: 3728
  Variant 2: 5133
  Variant 3: 8027
  Variant 4: 3746
  Variant 5: 3764
  Variant 6: 3752
  Variant 7: 5714
  Variant 8: 5369
  Variant 9: 5264
  Variant 10: 4537
  Variant 11: 5118
  Variant 12: 5369
  Variant 13: 5396
  Variant 14: 4962
  Variant 15: 4824
  Variant 16: 4822
  Variant 17: 5086
  Variant 18: 5495
  Variant 19: 5392
  Variant 20: 4952
  Variant 21: 5123
  Variant 22: 5512
  Variant 23: 5404
  Variant 24: 5126
  Variant 25: 5513
  Variant 26: 5127
  Variant 27: 5053
Fastest variant ID=3: 8027 
***Chosen optimizations set: (3, False, (None, None), True, None, False, None, False)***
COFFEE Autotuner: cost of variants:
  Variant 0: 177
  Variant 1: 752
  Variant 2: 989
  Variant 3: 1251
  Variant 4: 725
  Variant 5: 727
  Variant 6: 726
  Variant 7: 1112
  Variant 8: 1041
  Variant 9: 1001
  Variant 10: 693
  Variant 11: 990
  Variant 12: 1064
  Variant 13: 1039
  Variant 14: 958
  Variant 15: 952
  Variant 16: 946
  Variant 17: 989
  Variant 18: 1063
Fastest variant ID=3: 1251 
***Chosen optimizations set: (3, False, (None, None), True, None, False, None, False)***
COFFEE Autotuner: cost of variants:
  Variant 0: 1575
  Variant 1: 6399
  Variant 2: 8364
  Variant 3: 12883
  Variant 4: 5565
  Variant 5: 5556
  Variant 6: 5549
  Variant 7: 8951
  Variant 8: 8494
  Variant 9: 8499
  Variant 10: 6122
  Variant 11: 8344
  Variant 12: 8898
  Variant 13: 8628
  Variant 14: 7880
  Variant 15: 7848
  Variant 16: 7818
  Variant 17: 8330
  Variant 18: 8911
  Variant 19: 8576
  Variant 20: 8356
  Variant 21: 8900
Fastest variant ID=3: 12883 
***Chosen optimizations set: (3, False, (None, None), True, None, False, None, False)***
COFFEE Autotuner: cost of variants:
  Variant 0: 164
  Variant 1: 750
  Variant 2: 989
  Variant 3: 1245
  Variant 4: 664
  Variant 5: 664
  Variant 6: 665
  Variant 7: 1082
  Variant 8: 1034
  Variant 9: 1033
  Variant 10: 695
  Variant 11: 994
  Variant 12: 1065
  Variant 13: 1037
  Variant 14: 934
  Variant 15: 925
  Variant 16: 943
  Variant 17: 988
  Variant 18: 1055
Fastest variant ID=3: 1245 
***Chosen optimizations set: (3, False, (None, None), True, None, False, None, False)***
COFFEE Autotuner: cost of variants:
  Variant 0: 99
  Variant 1: 441
  Variant 2: 577
  Variant 3: 796
  Variant 4: 385
  Variant 5: 352
  Variant 6: 385
  Variant 7: 634
  Variant 8: 606
  Variant 9: 595
  Variant 10: 527
  Variant 11: 578
  Variant 12: 615
  Variant 13: 582
  Variant 14: 545
  Variant 15: 550
  Variant 16: 537
  Variant 17: 576
  Variant 18: 614
  Variant 19: 611
  Variant 20: 543
  Variant 21: 578
  Variant 22: 615
  Variant 23: 612
  Variant 24: 577
  Variant 25: 614
  Variant 26: 578
  Variant 27: 577
  Variant 28: 576
Fastest variant ID=3: 796 
***Chosen optimizations set: (3, False, (None, None), True, None, False, None, False)***
COFFEE Autotuner: cost of variants:
  Variant 0: 934
  Variant 1: 4154
  Variant 2: 5066
  Variant 3: 7905
  Variant 4: 3737
  Variant 5: 3735
  Variant 6: 3733
  Variant 7: 4715
  Variant 8: 5325
  Variant 9: 5303
  Variant 10: 4501
  Variant 11: 5066
  Variant 12: 5439
  Variant 13: 5307
  Variant 14: 4889
  Variant 15: 4831
  Variant 16: 4903
  Variant 17: 5068
  Variant 18: 5445
  Variant 19: 5303
  Variant 20: 4886
  Variant 21: 5057
  Variant 22: 5445
  Variant 23: 5318
  Variant 24: 5061
  Variant 25: 5448
  Variant 26: 5067
  Variant 27: 5058
Fastest variant ID=3: 7905 
***Chosen optimizations set: (3, False, (None, None), True, None, False, None, False)***
COFFEE Autotuner: cost of variants:
  Variant 0: 112
  Variant 1: 462
  Variant 2: 566
  Variant 3: 877
  Variant 4: 418
  Variant 5: 418
  Variant 6: 417
  Variant 7: 522
  Variant 8: 595
  Variant 9: 587
  Variant 10: 513
  Variant 11: 565
  Variant 12: 606
  Variant 13: 600
  Variant 14: 553
  Variant 15: 553
  Variant 16: 534
  Variant 17: 566
  Variant 18: 606
  Variant 19: 600
  Variant 20: 552
  Variant 21: 565
  Variant 22: 605
  Variant 23: 598
  Variant 24: 567
  Variant 25: 604
  Variant 26: 566
  Variant 27: 566
  Variant 28: 567
Fastest variant ID=3: 877 
***Chosen optimizations set: (3, False, (None, None), True, None, False, None, False)***
COFFEE Autotuner: cost of variants:
  Variant 0: 47
  Variant 1: 194
  Variant 2: 239
  Variant 3: 366
  Variant 4: 176
  Variant 5: 176
  Variant 6: 174
  Variant 7: 222
  Variant 8: 254
  Variant 9: 252
  Variant 10: 134
  Variant 11: 238
  Variant 12: 254
  Variant 13: 249
  Variant 14: 231
  Variant 15: 230
  Variant 16: 231
  Variant 17: 238
  Variant 18: 254
  Variant 19: 248
  Variant 20: 232
  Variant 21: 239
  Variant 22: 255
  Variant 23: 239
Fastest variant ID=3: 366 
***Chosen optimizations set: (3, False, (None, None), True, None, False, None, False)***
COFFEE Autotuner: cost of variants:
  Variant 0: 552
  Variant 1: 2148
  Variant 2: 2617
  Variant 3: 3670
  Variant 4: 2598
  Variant 5: 2587
  Variant 6: 2580
  Variant 7: 2689
  Variant 8: 2844
  Variant 9: 2783
  Variant 10: 2457
  Variant 11: 2632
  Variant 12: 2897
  Variant 13: 2741
  Variant 14: 2557
  Variant 15: 2550
  Variant 16: 2500
  Variant 17: 2520
  Variant 18: 2596
  Variant 19: 2896
  Variant 20: 2747
  Variant 21: 2587
  Variant 22: 2547
  Variant 23: 2600
Fastest variant ID=3: 3670 
***Chosen optimizations set: (3, False, (None, None), True, None, False, None, False)***
COFFEE Autotuner: cost of variants:
  Variant 0: 495
  Variant 1: 2054
  Variant 2: 2463
  Variant 3: 3148
  Variant 4: 1544
  Variant 5: 1736
  Variant 6: 1599
  Variant 7: 2667
  Variant 8: 2711
  Variant 9: 2615
  Variant 10: 2279
  Variant 11: 2479
  Variant 12: 2688
  Variant 13: 2575
  Variant 14: 2425
  Variant 15: 2406
  Variant 16: 2383
  Variant 17: 2357
  Variant 18: 2477
  Variant 19: 2713
  Variant 20: 2574
  Variant 21: 2430
  Variant 22: 2598
Fastest variant ID=3: 3148 
***Chosen optimizations set: (3, False, (None, None), True, None, False, None, False)***
COFFEE Autotuner: cost of variants:
  Variant 0: 304
  Variant 1: 1227
  Variant 2: 1509
  Variant 3: 2117
  Variant 4: 957
  Variant 5: 1076
  Variant 6: 996
  Variant 7: 1594
  Variant 8: 1682
  Variant 9: 1652
  Variant 10: 1570
  Variant 11: 1527
  Variant 12: 1632
  Variant 13: 1594
  Variant 14: 1496
  Variant 15: 1479
  Variant 16: 1471
  Variant 17: 1470
  Variant 18: 1524
  Variant 19: 1671
  Variant 20: 1595
  Variant 21: 1495
  Variant 22: 1490
  Variant 23: 1499
  Variant 24: 1653
  Variant 25: 1574
  Variant 26: 1532
  Variant 27: 1633
  Variant 28: 1525
  Variant 29: 1481
Fastest variant ID=3: 2117 
***Chosen optimizations set: (3, False, (None, None), True, None, False, None, False)***
COFFEE Autotuner: cost of variants:
  Variant 0: 119
  Variant 1: 472
  Variant 2: 561
  Variant 3: 795
  Variant 4: 360
  Variant 5: 406
  Variant 6: 374
  Variant 7: 634
  Variant 8: 632
  Variant 9: 619
  Variant 10: 545
  Variant 11: 578
  Variant 12: 607
  Variant 13: 618
  Variant 14: 567
  Variant 15: 569
  Variant 16: 568
  Variant 17: 546
  Variant 18: 576
  Variant 19: 629
  Variant 20: 611
  Variant 21: 565
  Variant 22: 576
  Variant 23: 567
  Variant 24: 623
  Variant 25: 567
Fastest variant ID=3: 795 
***Chosen optimizations set: (3, False, (None, None), True, None, False, None, False)***
COFFEE Autotuner: cost of variants:
  Variant 0: 308
  Variant 1: 1268
  Variant 2: 1516
  Variant 3: 2114
  Variant 4: 956
  Variant 5: 1076
  Variant 6: 996
  Variant 7: 1690
  Variant 8: 1676
  Variant 9: 1657
  Variant 10: 1554
  Variant 11: 1528
  Variant 12: 1630
  Variant 13: 1602
  Variant 14: 1503
  Variant 15: 1483
  Variant 16: 1476
  Variant 17: 1472
  Variant 18: 1525
  Variant 19: 1537
  Variant 20: 1569
  Variant 21: 1502
  Variant 22: 1492
  Variant 23: 1498
  Variant 24: 1649
  Variant 25: 1554
  Variant 26: 1539
  Variant 27: 1629
  Variant 28: 1525
  Variant 29: 1509
Fastest variant ID=3: 2114 
***Chosen optimizations set: (3, False, (None, None), True, None, False, None, False)***
COFFEE Autotuner: cost of variants:
  Variant 0: 62
  Variant 1: 231
  Variant 2: 293
  Variant 3: 405
  Variant 4: 193
  Variant 5: 200
  Variant 6: 205
  Variant 7: 315
  Variant 8: 323
  Variant 9: 322
  Variant 10: 231
  Variant 11: 297
  Variant 12: 318
  Variant 13: 312
  Variant 14: 292
  Variant 15: 289
  Variant 16: 286
  Variant 17: 287
  Variant 18: 301
  Variant 19: 325
Fastest variant ID=3: 405 
***Chosen optimizations set: (3, False, (None, None), True, None, False, None, False)***
COFFEE Autotuner: cost of variants:
  Variant 0: 37
  Variant 1: 133
  Variant 2: 168
  Variant 3: 218
  Variant 4: 111
  Variant 5: 115
  Variant 6: 118
  Variant 7: 183
  Variant 8: 187
  Variant 9: 187
  Variant 10: 183
  Variant 11: 169
  Variant 12: 182
  Variant 13: 183
  Variant 14: 176
  Variant 15: 167
  Variant 16: 168
  Variant 17: 165
  Variant 18: 169
  Variant 19: 183
  Variant 20: 180
  Variant 21: 176
  Variant 22: 166
  Variant 23: 169
  Variant 24: 185
  Variant 25: 183
  Variant 26: 171
  Variant 27: 182
  Variant 28: 169
  Variant 29: 169
  Variant 30: 169
Fastest variant ID=3: 218 
***Chosen optimizations set: (3, False, (None, None), True, None, False, None, False)***
COFFEE Autotuner: cost of variants:
  Variant 0: 116
  Variant 1: 478
  Variant 2: 573
  Variant 3: 806
  Variant 4: 361
  Variant 5: 405
  Variant 6: 374
  Variant 7: 626
  Variant 8: 620
  Variant 9: 620
  Variant 10: 535
  Variant 11: 569
  Variant 12: 613
  Variant 13: 613
  Variant 14: 565
  Variant 15: 569
  Variant 16: 562
  Variant 17: 547
  Variant 18: 575
  Variant 19: 629
  Variant 20: 608
  Variant 21: 562
  Variant 22: 573
  Variant 23: 567
  Variant 24: 621
  Variant 25: 567
Fastest variant ID=3: 806 
***Chosen optimizations set: (3, False, (None, None), True, None, False, None, False)***
COFFEE Autotuner: cost of variants:
  Variant 0: 34
  Variant 1: 139
  Variant 2: 168
  Variant 3: 235
  Variant 4: 107
  Variant 5: 120
  Variant 6: 111
  Variant 7: 178
  Variant 8: 187
  Variant 9: 185
  Variant 10: 176
  Variant 11: 170
  Variant 12: 182
  Variant 13: 182
  Variant 14: 175
  Variant 15: 166
  Variant 16: 168
  Variant 17: 163
  Variant 18: 170
  Variant 19: 186
  Variant 20: 181
  Variant 21: 176
  Variant 22: 164
  Variant 23: 168
  Variant 24: 183
  Variant 25: 183
  Variant 26: 171
  Variant 27: 181
  Variant 28: 170
  Variant 29: 168
  Variant 30: 171
Fastest variant ID=3: 235 
***Chosen optimizations set: (3, False, (None, None), True, None, False, None, False)***
COFFEE Autotuner: cost of variants:
  Variant 0: 23
  Variant 1: 90
  Variant 2: 107
  Variant 3: 150
  Variant 4: 68
  Variant 5: 76
  Variant 6: 71
  Variant 7: 115
  Variant 8: 118
  Variant 9: 117
  Variant 10: 98
  Variant 11: 109
  Variant 12: 116
  Variant 13: 116
  Variant 14: 112
  Variant 15: 103
  Variant 16: 107
  Variant 17: 103
  Variant 18: 109
Fastest variant ID=3: 150 
***Chosen optimizations set: (3, False, (None, None), True, None, False, None, False)***
COFFEE Autotuner: cost of variants:
  Variant 0: 63
  Variant 1: 247
  Variant 2: 292
  Variant 3: 394
  Variant 4: 193
  Variant 5: 200
  Variant 6: 204
  Variant 7: 320
  Variant 8: 322
  Variant 9: 283
  Variant 10: 231
  Variant 11: 296
  Variant 12: 318
  Variant 13: 317
  Variant 14: 302
  Variant 15: 289
  Variant 16: 291
  Variant 17: 285
  Variant 18: 299
  Variant 19: 324
Fastest variant ID=3: 394 
***Chosen optimizations set: (3, False, (None, None), True, None, False, None, False)***
COFFEE Autotuner: cost of variants:
  Variant 0: 24
  Variant 1: 90
  Variant 2: 106
  Variant 3: 143
  Variant 4: 70
  Variant 5: 73
  Variant 6: 75
  Variant 7: 116
  Variant 8: 119
  Variant 9: 103
  Variant 10: 98
  Variant 11: 108
  Variant 12: 115
  Variant 13: 112
  Variant 14: 110
  Variant 15: 105
  Variant 16: 104
  Variant 17: 105
  Variant 18: 109
Fastest variant ID=3: 143 
***Chosen optimizations set: (3, False, (None, None), True, None, False, None, False)***
COFFEE Autotuner: cost of variants:
  Variant 0: 11
  Variant 1: 41
  Variant 2: 50
  Variant 3: 70
  Variant 4: 33
  Variant 5: 34
  Variant 6: 35
  Variant 7: 53
  Variant 8: 54
  Variant 9: 49
  Variant 10: 46
  Variant 11: 50
  Variant 12: 54
  Variant 13: 53
  Variant 14: 50
  Variant 15: 50
  Variant 16: 49
  Variant 17: 49
  Variant 18: 51
  Variant 19: 55
  Variant 20: 53
  Variant 21: 50
Fastest variant ID=3: 70 
***Chosen optimizations set: (3, False, (None, None), True, None, False, None, False)***
COFFEE Autotuner: cost of variants:
  Variant 0: 94
  Variant 1: 416
  Variant 2: 482
  Variant 3: 445
  Variant 4: 471
  Variant 5: 482
  Variant 6: 481
  Variant 7: 539
  Variant 8: 524
  Variant 9: 522
  Variant 10: 507
  Variant 11: 483
  Variant 12: 527
  Variant 13: 486
  Variant 14: 480
  Variant 15: 483
  Variant 16: 528
  Variant 17: 487
  Variant 18: 484
  Variant 19: 526
  Variant 20: 484
  Variant 21: 485
  Variant 22: 482
Fastest variant ID=7: 539 
***Chosen optimizations set: (2, False, (4, 1), True, None, False, None, False)***
COFFEE Autotuner: cost of variants:
  Variant 0: 37
  Variant 1: 155
  Variant 2: 185
  Variant 3: 176
  Variant 4: 125
  Variant 5: 121
  Variant 6: 122
  Variant 7: 200
  Variant 8: 201
  Variant 9: 199
  Variant 10: 188
  Variant 11: 184
  Variant 12: 199
  Variant 13: 189
  Variant 14: 182
  Variant 15: 186
  Variant 16: 199
  Variant 17: 187
  Variant 18: 183
  Variant 19: 183
Fastest variant ID=8: 201 
***Chosen optimizations set: (2, False, (4, 2), True, None, False, None, False)***
COFFEE Autotuner: cost of variants:
  Variant 0: 20
  Variant 1: 79
  Variant 2: 95
  Variant 3: 90
  Variant 4: 64
  Variant 5: 62
  Variant 6: 63
  Variant 7: 103
  Variant 8: 104
  Variant 9: 101
  Variant 10: 89
  Variant 11: 94
  Variant 12: 102
  Variant 13: 96
  Variant 14: 93
  Variant 15: 95
Fastest variant ID=8: 104 
***Chosen optimizations set: (2, False, (4, 2), True, None, False, None, False)***
COFFEE Autotuner: cost of variants:
  Variant 0: 19
  Variant 1: 77
  Variant 2: 95
  Variant 3: 90
  Variant 4: 63
  Variant 5: 62
  Variant 6: 62
  Variant 7: 100
  Variant 8: 100
  Variant 9: 104
  Variant 10: 88
  Variant 11: 94
  Variant 12: 103
  Variant 13: 96
  Variant 14: 93
  Variant 15: 95
Fastest variant ID=9: 104 
***Chosen optimizations set: (2, False, (4, 3), True, None, False, None, False)***
COFFEE Autotuner: cost of variants:
  Variant 0: 18
  Variant 1: 79
  Variant 2: 95
  Variant 3: 91
  Variant 4: 64
  Variant 5: 62
  Variant 6: 62
  Variant 7: 100
  Variant 8: 105
  Variant 9: 102
  Variant 10: 88
  Variant 11: 94
  Variant 12: 102
  Variant 13: 96
  Variant 14: 93
  Variant 15: 95
Fastest variant ID=8: 105 
***Chosen optimizations set: (2, False, (4, 2), True, None, False, None, False)***
COFFEE Autotuner: cost of variants:
  Variant 0: 11
  Variant 1: 43
  Variant 2: 55
  Variant 3: 52
  Variant 4: 38
  Variant 5: 37
  Variant 6: 36
  Variant 7: 59
  Variant 8: 60
  Variant 9: 60
  Variant 10: 65
  Variant 11: 54
  Variant 12: 58
  Variant 13: 56
  Variant 14: 55
  Variant 15: 55
  Variant 16: 58
  Variant 17: 56
  Variant 18: 55
  Variant 19: 58
  Variant 20: 55
  Variant 21: 55
  Variant 22: 55
  Variant 23: 55
Fastest variant ID=10: 65 
***Chosen optimizations set: (4, 0, (None, None), True, (1, 0), 'mkl', None, False)***
COFFEE Autotuner: cost of variants:
  Variant 0: 7
  Variant 1: 27
  Variant 2: 35
  Variant 3: 33
  Variant 4: 24
  Variant 5: 24
  Variant 6: 23
  Variant 7: 36
  Variant 8: 38
  Variant 9: 37
  Variant 10: 37
  Variant 11: 35
  Variant 12: 37
  Variant 13: 35
  Variant 14: 35
  Variant 15: 35
Fastest variant ID=8: 38 
***Chosen optimizations set: (2, False, (4, 2), True, None, False, None, False)***
COFFEE Autotuner: cost of variants:
  Variant 0: 18
  Variant 1: 76
  Variant 2: 95
  Variant 3: 89
  Variant 4: 63
  Variant 5: 62
  Variant 6: 62
  Variant 7: 103
  Variant 8: 104
  Variant 9: 102
  Variant 10: 88
  Variant 11: 94
  Variant 12: 102
  Variant 13: 94
  Variant 14: 93
  Variant 15: 95
Fastest variant ID=8: 104 
***Chosen optimizations set: (2, False, (4, 2), True, None, False, None, False)***
COFFEE Autotuner: cost of variants:
  Variant 0: 7
  Variant 1: 29
  Variant 2: 35
  Variant 3: 32
  Variant 4: 24
  Variant 5: 23
  Variant 6: 23
  Variant 7: 38
  Variant 8: 38
  Variant 9: 37
  Variant 10: 38
  Variant 11: 34
  Variant 12: 37
  Variant 13: 35
  Variant 14: 35
  Variant 15: 35
Fastest variant ID=7: 38 
***Chosen optimizations set: (2, False, (4, 1), True, None, False, None, False)***
COFFEE Autotuner: cost of variants:
  Variant 0: 5
  Variant 1: 19
  Variant 2: 23
  Variant 3: 22
  Variant 4: 16
  Variant 5: 16
  Variant 6: 16
  Variant 7: 25
  Variant 8: 25
  Variant 9: 25
  Variant 10: 22
  Variant 11: 23
  Variant 12: 25
  Variant 13: 24
  Variant 14: 23
  Variant 15: 24
  Variant 16: 25
  Variant 17: 24
  Variant 18: 23
  Variant 19: 23
Fastest variant ID=7: 25 
***Chosen optimizations set: (2, False, (4, 1), True, None, False, None, False)***
COFFEE Autotuner: cost of variants:
  Variant 0: 11
  Variant 1: 46
  Variant 2: 55
  Variant 3: 51
  Variant 4: 38
  Variant 5: 37
  Variant 6: 36
  Variant 7: 61
  Variant 8: 61
  Variant 9: 59
  Variant 10: 65
  Variant 11: 53
  Variant 12: 58
  Variant 13: 56
  Variant 14: 54
  Variant 15: 55
  Variant 16: 58
  Variant 17: 56
  Variant 18: 54
  Variant 19: 58
  Variant 20: 55
  Variant 21: 55
  Variant 22: 55
  Variant 23: 55
Fastest variant ID=10: 65 
***Chosen optimizations set: (4, 0, (None, None), True, (1, 0), 'mkl', None, False)***
COFFEE Autotuner: cost of variants:
  Variant 0: 5
  Variant 1: 20
  Variant 2: 23
  Variant 3: 21
  Variant 4: 16
  Variant 5: 16
  Variant 6: 16
  Variant 7: 25
  Variant 8: 26
  Variant 9: 25
  Variant 10: 22
  Variant 11: 23
  Variant 12: 25
  Variant 13: 23
  Variant 14: 23
  Variant 15: 24
  Variant 16: 25
  Variant 17: 23
  Variant 18: 23
  Variant 19: 23
Fastest variant ID=8: 26 
***Chosen optimizations set: (2, False, (4, 2), True, None, False, None, False)***
COFFEE Autotuner: cost of variants:
  Variant 0: 3
  Variant 1: 10
  Variant 2: 12
  Variant 3: 12
  Variant 4: 9
  Variant 5: 8
  Variant 6: 8
  Variant 7: 12
  Variant 8: 13
  Variant 9: 13
  Variant 10: 12
  Variant 11: 12
  Variant 12: 13
  Variant 13: 12
  Variant 14: 12
  Variant 15: 12
  Variant 16: 13
  Variant 17: 12
  Variant 18: 12
  Variant 19: 12
  Variant 20: 12
  Variant 21: 12
Fastest variant ID=8: 13 
***Chosen optimizations set: (2, False, (4, 2), True, None, False, None, False)***
