COFFEE Autotuner: cost of variants:
  Variant 0: 72789
  Variant 1: 133939
  Variant 2: 136568
  Variant 3: 157613
  Variant 4: 123552
  Variant 5: 123672
  Variant 6: 113747
  Variant 7: 129133
  Variant 8: 133407
  Variant 9: 128245
  Variant 10: 126949
  Variant 11: 136977
  Variant 12: 157059
  Variant 13: 112918
  Variant 14: 120805
  Variant 15: 124537
Fastest variant ID=3: 157613 
***Chosen optimizations set: (3, False, (None, None), True, None, False, None, False)***
COFFEE Autotuner: cost of variants:
  Variant 0: 63115
  Variant 1: 123062
  Variant 2: 127072
  Variant 3: 141903
  Variant 4: 118725
  Variant 5: 116153
  Variant 6: 106725
  Variant 7: 119369
  Variant 8: 120045
  Variant 9: 120995
  Variant 10: 113234
  Variant 11: 130333
  Variant 12: 140400
  Variant 13: 105950
  Variant 14: 112363
  Variant 15: 113985
Fastest variant ID=3: 141903 
***Chosen optimizations set: (3, False, (None, None), True, None, False, None, False)***
COFFEE Autotuner: cost of variants:
  Variant 0: 70865
  Variant 1: 121075
  Variant 2: 129053
  Variant 3: 140843
  Variant 4: 116675
  Variant 5: 114820
  Variant 6: 105167
  Variant 7: 116144
  Variant 8: 116905
  Variant 9: 117328
  Variant 10: 112204
  Variant 11: 130130
  Variant 12: 138955
  Variant 13: 105368
  Variant 14: 111563
  Variant 15: 112885
Fastest variant ID=3: 140843 
***Chosen optimizations set: (3, False, (None, None), True, None, False, None, False)***
COFFEE Autotuner: cost of variants:
  Variant 0: 11784
  Variant 1: 46441
  Variant 2: 48327
  Variant 3: 57254
  Variant 4: 41591
  Variant 5: 42274
  Variant 6: 37905
  Variant 7: 46835
  Variant 8: 47742
  Variant 9: 47016
  Variant 10: 1
  Variant 11: 47477
  Variant 12: 46418
  Variant 13: 42080
  Variant 14: 43230
  Variant 15: 44103
  Variant 16: 47702
  Variant 17: 45440
  Variant 18: 43720
  Variant 19: 44398
  Variant 20: 47603
  Variant 21: 45575
Fastest variant ID=3: 57254 
***Chosen optimizations set: (3, False, (None, None), True, None, False, None, False)***
COFFEE Autotuner: cost of variants:
  Variant 0: 8894
  Variant 1: 33447
  Variant 2: 34585
  Variant 3: 40353
  Variant 4: 29841
  Variant 5: 30261
  Variant 6: 27591
  Variant 7: 33603
  Variant 8: 33714
  Variant 9: 33417
  Variant 10: 21006
  Variant 11: 34561
  Variant 12: 32992
  Variant 13: 32115
  Variant 14: 31169
  Variant 15: 31535
  Variant 16: 34623
  Variant 17: 32219
Fastest variant ID=3: 40353 
***Chosen optimizations set: (3, False, (None, None), True, None, False, None, False)***
COFFEE Autotuner: cost of variants:
  Variant 0: 451
  Variant 1: 4782
  Variant 2: 5031
  Variant 3: 7878
  Variant 4: 3847
  Variant 5: 3849
  Variant 6: 3848
  Variant 7: 4441
  Variant 8: 4654
  Variant 9: 4705
  Variant 10: 2530
  Variant 11: 4944
  Variant 12: 4901
  Variant 13: 4645
  Variant 14: 4696
  Variant 15: 4661
  Variant 16: 4795
  Variant 17: 5032
  Variant 18: 4920
  Variant 19: 4632
  Variant 20: 4672
  Variant 21: 5036
Fastest variant ID=3: 7878 
***Chosen optimizations set: (3, False, (None, None), True, None, False, None, False)***
COFFEE Autotuner: cost of variants:
  Variant 0: 518
  Variant 1: 4372
  Variant 2: 4680
  Variant 3: 7200
  Variant 4: 3667
  Variant 5: 3459
  Variant 6: 3718
  Variant 7: 4273
  Variant 8: 4542
  Variant 9: 4471
  Variant 10: 3383
  Variant 11: 4722
  Variant 12: 4659
  Variant 13: 4459
  Variant 14: 4504
  Variant 15: 4451
  Variant 16: 4573
  Variant 17: 4736
  Variant 18: 4640
  Variant 19: 4451
  Variant 20: 4520
  Variant 21: 4730
Fastest variant ID=3: 7200 
***Chosen optimizations set: (3, False, (None, None), True, None, False, None, False)***
COFFEE Autotuner: cost of variants:
  Variant 0: 483
  Variant 1: 4078
  Variant 2: 4358
  Variant 3: 6792
  Variant 4: 3459
  Variant 5: 3476
  Variant 6: 3471
  Variant 7: 3974
  Variant 8: 4190
  Variant 9: 4067
  Variant 10: 3107
  Variant 11: 4416
  Variant 12: 4373
  Variant 13: 4201
  Variant 14: 4246
  Variant 15: 4129
  Variant 16: 4290
  Variant 17: 4417
  Variant 18: 4364
  Variant 19: 3113
  Variant 20: 3161
  Variant 21: 4369
Fastest variant ID=3: 6792 
***Chosen optimizations set: (3, False, (None, None), True, None, False, None, False)***
COFFEE Autotuner: cost of variants:
  Variant 0: 304
  Variant 1: 2621
  Variant 2: 2761
  Variant 3: 4087
  Variant 4: 2082
  Variant 5: 2092
  Variant 6: 2101
  Variant 7: 2416
  Variant 8: 2544
  Variant 9: 2576
  Variant 10: 2144
  Variant 11: 2768
  Variant 12: 2628
  Variant 13: 2464
  Variant 14: 2483
  Variant 15: 2497
  Variant 16: 2515
  Variant 17: 2763
  Variant 18: 2623
  Variant 19: 2488
  Variant 20: 2475
  Variant 21: 2763
  Variant 22: 2615
  Variant 23: 2477
  Variant 24: 2759
  Variant 25: 2613
  Variant 26: 2760
  Variant 27: 2762
Fastest variant ID=3: 4087 
***Chosen optimizations set: (3, False, (None, None), True, None, False, None, False)***
COFFEE Autotuner: cost of variants:
  Variant 0: 107
  Variant 1: 918
  Variant 2: 970
  Variant 3: 1377
  Variant 4: 744
  Variant 5: 745
  Variant 6: 744
  Variant 7: 903
  Variant 8: 900
  Variant 9: 903
  Variant 10: 712
  Variant 11: 967
  Variant 12: 894
  Variant 13: 881
  Variant 14: 876
  Variant 15: 874
  Variant 16: 898
  Variant 17: 968
  Variant 18: 910
  Variant 19: 886
  Variant 20: 884
  Variant 21: 970
  Variant 22: 913
  Variant 23: 972
Fastest variant ID=3: 1377 
***Chosen optimizations set: (3, False, (None, None), True, None, False, None, False)***
COFFEE Autotuner: cost of variants:
  Variant 0: 19
  Variant 1: 177
  Variant 2: 188
  Variant 3: 320
  Variant 4: 113
  Variant 5: 129
  Variant 6: 113
  Variant 7: 155
  Variant 8: 163
  Variant 9: 153
  Variant 10: 142
  Variant 11: 191
  Variant 12: 162
  Variant 13: 163
  Variant 14: 168
  Variant 15: 171
  Variant 16: 170
  Variant 17: 180
  Variant 18: 185
  Variant 19: 161
Fastest variant ID=3: 320 
***Chosen optimizations set: (3, False, (None, None), True, None, False, None, False)***
COFFEE Autotuner: cost of variants:
  Variant 0: 19
  Variant 1: 174
  Variant 2: 179
  Variant 3: 301
  Variant 4: 126
  Variant 5: 109
  Variant 6: 126
  Variant 7: 152
  Variant 8: 160
  Variant 9: 161
  Variant 10: 139
  Variant 11: 178
  Variant 12: 160
  Variant 13: 161
  Variant 14: 168
  Variant 15: 166
  Variant 16: 167
  Variant 17: 177
  Variant 18: 178
  Variant 19: 159
Fastest variant ID=3: 301 
***Chosen optimizations set: (3, False, (None, None), True, None, False, None, False)***
COFFEE Autotuner: cost of variants:
  Variant 0: 19
  Variant 1: 173
  Variant 2: 178
  Variant 3: 295
  Variant 4: 125
  Variant 5: 110
  Variant 6: 123
  Variant 7: 150
  Variant 8: 158
  Variant 9: 150
  Variant 10: 139
  Variant 11: 176
  Variant 12: 157
  Variant 13: 158
  Variant 14: 162
  Variant 15: 164
  Variant 16: 163
  Variant 17: 174
  Variant 18: 176
  Variant 19: 156
Fastest variant ID=3: 295 
***Chosen optimizations set: (3, False, (None, None), True, None, False, None, False)***
COFFEE Autotuner: cost of variants:
  Variant 0: 11
  Variant 1: 104
  Variant 2: 107
  Variant 3: 169
  Variant 4: 74
  Variant 5: 65
  Variant 6: 74
  Variant 7: 89
  Variant 8: 94
  Variant 9: 93
  Variant 10: 100
  Variant 11: 106
  Variant 12: 92
  Variant 13: 94
  Variant 14: 97
  Variant 15: 98
  Variant 16: 97
  Variant 17: 102
  Variant 18: 107
  Variant 19: 93
  Variant 20: 93
  Variant 21: 98
  Variant 22: 98
  Variant 23: 109
  Variant 24: 92
  Variant 25: 94
  Variant 26: 106
  Variant 27: 92
  Variant 28: 106
  Variant 29: 108
  Variant 30: 107
Fastest variant ID=3: 169 
***Chosen optimizations set: (3, False, (None, None), True, None, False, None, False)***
COFFEE Autotuner: cost of variants:
  Variant 0: 11
  Variant 1: 98
  Variant 2: 103
  Variant 3: 156
  Variant 4: 63
  Variant 5: 72
  Variant 6: 63
  Variant 7: 85
  Variant 8: 90
  Variant 9: 85
  Variant 10: 95
  Variant 11: 105
  Variant 12: 89
  Variant 13: 91
  Variant 14: 94
  Variant 15: 93
  Variant 16: 94
  Variant 17: 98
  Variant 18: 104
  Variant 19: 89
  Variant 20: 91
  Variant 21: 94
  Variant 22: 93
  Variant 23: 101
  Variant 24: 89
  Variant 25: 90
  Variant 26: 104
  Variant 27: 88
  Variant 28: 104
  Variant 29: 102
  Variant 30: 104
Fastest variant ID=3: 156 
***Chosen optimizations set: (3, False, (None, None), True, None, False, None, False)***
COFFEE Autotuner: cost of variants:
  Variant 0: 3
  Variant 1: 22
  Variant 2: 23
  Variant 3: 36
  Variant 4: 15
  Variant 5: 15
  Variant 6: 15
  Variant 7: 20
  Variant 8: 21
  Variant 9: 21
  Variant 10: 19
  Variant 11: 23
  Variant 12: 21
  Variant 13: 22
  Variant 14: 22
  Variant 15: 23
Fastest variant ID=3: 36 
***Chosen optimizations set: (3, False, (None, None), True, None, False, None, False)***
COFFEE Autotuner: cost of variants:
  Variant 0: 3
  Variant 1: 21
  Variant 2: 22
  Variant 3: 34
  Variant 4: 15
  Variant 5: 14
  Variant 6: 14
  Variant 7: 19
  Variant 8: 20
  Variant 9: 21
  Variant 10: 19
  Variant 11: 23
  Variant 12: 21
  Variant 13: 21
  Variant 14: 22
  Variant 15: 23
Fastest variant ID=3: 34 
***Chosen optimizations set: (3, False, (None, None), True, None, False, None, False)***
COFFEE Autotuner: cost of variants:
  Variant 0: 3
  Variant 1: 21
  Variant 2: 22
  Variant 3: 35
  Variant 4: 15
  Variant 5: 15
  Variant 6: 14
  Variant 7: 19
  Variant 8: 20
  Variant 9: 19
  Variant 10: 19
  Variant 11: 22
  Variant 12: 21
  Variant 13: 21
  Variant 14: 22
  Variant 15: 22
Fastest variant ID=3: 35 
***Chosen optimizations set: (3, False, (None, None), True, None, False, None, False)***
COFFEE Autotuner: cost of variants:
  Variant 0: 2
  Variant 1: 15
  Variant 2: 15
  Variant 3: 23
  Variant 4: 10
  Variant 5: 10
  Variant 6: 10
  Variant 7: 13
  Variant 8: 14
  Variant 9: 14
  Variant 10: 11
  Variant 11: 15
  Variant 12: 14
  Variant 13: 14
  Variant 14: 14
  Variant 15: 15
  Variant 16: 14
  Variant 17: 14
  Variant 18: 15
  Variant 19: 15
Fastest variant ID=3: 23 
***Chosen optimizations set: (3, False, (None, None), True, None, False, None, False)***
COFFEE Autotuner: cost of variants:
  Variant 0: 2
  Variant 1: 15
  Variant 2: 16
  Variant 3: 24
  Variant 4: 10
  Variant 5: 10
  Variant 6: 10
  Variant 7: 13
  Variant 8: 14
  Variant 9: 14
  Variant 10: 12
  Variant 11: 16
  Variant 12: 14
  Variant 13: 15
  Variant 14: 15
  Variant 15: 16
  Variant 16: 14
  Variant 17: 15
  Variant 18: 16
  Variant 19: 16
Fastest variant ID=3: 24 
***Chosen optimizations set: (3, False, (None, None), True, None, False, None, False)***
COFFEE Autotuner: cost of variants:
  Variant 0: 3476
  Variant 1: 3835
  Variant 2: 3965
  Variant 3: 4011
  Variant 4: 3992
  Variant 5: 3987
  Variant 6: 3936
  Variant 7: 3814
  Variant 8: 3779
  Variant 9: 3606
  Variant 10: 1
  Variant 11: 3976
  Variant 12: 3424
  Variant 13: 3887
  Variant 14: 3993
  Variant 15: 3941
  Variant 16: 3036
  Variant 17: 3807
  Variant 18: 4000
  Variant 19: 3983
  Variant 20: 3838
  Variant 21: 3753
  Variant 22: 3954
  Variant 23: 4054
  Variant 24: 3805
  Variant 25: 3930
  Variant 26: 3994
  Variant 27: 4037
  Variant 28: 3697
  Variant 29: 3916
  Variant 30: 3860
Fastest variant ID=23: 4054 
***Chosen optimizations set: (2, False, (None, None), True, (2, 0), False, (1, 1, 1), False)***
COFFEE Autotuner: cost of variants:
  Variant 0: 3562
  Variant 1: 3842
  Variant 2: 3969
  Variant 3: 2274
  Variant 4: 3985
  Variant 5: 4002
  Variant 6: 3966
  Variant 7: 4026
  Variant 8: 3666
  Variant 9: 3892
  Variant 10: 3646
  Variant 11: 3967
  Variant 12: 3915
  Variant 13: 3871
  Variant 14: 3832
  Variant 15: 3954
  Variant 16: 2273
  Variant 17: 2131
  Variant 18: 2402
  Variant 19: 2271
  Variant 20: 3883
  Variant 21: 3729
  Variant 22: 3905
  Variant 23: 4010
  Variant 24: 4047
  Variant 25: 3815
  Variant 26: 3787
  Variant 27: 4003
  Variant 28: 3946
  Variant 29: 3910
  Variant 30: 3784
  Variant 31: 3995
  Variant 32: 4021
  Variant 33: 3884
  Variant 34: 3972
  Variant 35: 3965
Fastest variant ID=24: 4047 
***Chosen optimizations set: (2, False, (None, None), True, (1, 0), False, (1, 1, 1), False)***
